<?xml version="1.0" encoding="UTF-8"?>
<!-- Generated by org.testng.reporters.JUnitXMLReporter -->
<testsuite hostname="LFDC4CWMSQ2" ignored="0" name="testngTest" tests="1" failures="1" timestamp="12 Sep 2020 15:07:21 GMT" time="6.828" errors="0">
  <testcase name="feature" time="6.11" classname="testRunnerFile.TestRunner">
    <failure type="cucumber.runtime.CucumberException" message="java.lang.AssertionError: Expected Status code = 200 but Status code = 429 was found instead...
Body coming from backend is--&amp;gt;&amp;lt;html lang=&amp;quot;en&amp;quot;&amp;gt;
  &amp;lt;head&amp;gt;
    &amp;lt;meta charset=&amp;quot;utf-8&amp;quot;/&amp;gt;
    &amp;lt;script data-ezscrex=&amp;quot;false&amp;quot; data-cfasync=&amp;quot;false&amp;quot; data-pagespeed-no-defer=&amp;quot;data-pagespeed-no-defer&amp;quot;&amp;gt;var __ez=__ez||{};__ez.stms=Date.now();__ez.evt={};__ez.script={};__ez.ck=__ez.ck||{};__ez.template={};__ez.template.isOrig=false;__ez.queue=(function(){var count=0,incr=0,items=[],timeDelayFired=false,hpItems=[],lpItems=[],allowLoad=true;var obj={func:function(name,funcName,parameters,isBlock,blockedBy,deleteWhenComplete,proceedIfError){var self=this;this.name=name;this.funcName=funcName;this.parameters=parameters===null?null:(parameters instanceof Array)?parameters:[parameters];this.isBlock=isBlock;this.blockedBy=blockedBy;this.deleteWhenComplete=deleteWhenComplete;this.isError=false;this.isComplete=false;this.isInitialized=false;this.proceedIfError=proceedIfError;this.isTimeDelay=false;this.process=function(){log(&amp;quot;... func = &amp;quot;+name);self.isInitialized=true;self.isComplete=true;log(&amp;quot;... func.apply: &amp;quot;+name);var funcs=self.funcName.split(&amp;apos;.&amp;apos;);var func=null;if(funcs.length&amp;amp;gt;3){}else if(funcs.length===3){func=window[funcs[0]][funcs[1]][funcs[2]];}else if(funcs.length===2){func=window[funcs[0]][funcs[1]];}else{func=window[self.funcName];}
if(typeof func!==&amp;apos;undefined&amp;apos;&amp;amp;amp;&amp;amp;amp;func!==null){func.apply(null,this.parameters);}
if(self.deleteWhenComplete===true)delete items[name];if(self.isBlock===true){log(&amp;quot;----- F&amp;apos;D: &amp;quot;+self.name);processAll();}}},file:function(name,path,isBlock,blockedBy,async,defer,proceedIfError){var self=this;this.name=name;this.path=path;this.async=async;this.defer=defer;this.isBlock=isBlock;this.blockedBy=blockedBy;this.isInitialized=false;this.isError=false;this.isComplete=false;this.proceedIfError=proceedIfError;this.isTimeDelay=false;this.process=function(){self.isInitialized=true;log(&amp;quot;... file = &amp;quot;+name);var scr=document.createElement(&amp;apos;script&amp;apos;);scr.src=path;if(async===true)scr.async=true;else if(defer===true)scr.defer=true;scr.onerror=function(){log(&amp;quot;----- ERR&amp;apos;D: &amp;quot;+self.name);self.isError=true;if(self.isBlock===true){processAll();}};scr.onreadystatechange=scr.onload=function(){var state=scr.readyState;log(&amp;quot;----- F&amp;apos;D: &amp;quot;+self.name);if((!state||/loaded|complete/.test(state))){self.isComplete=true;if(self.isBlock===true){processAll();}}};document.getElementsByTagName(&amp;apos;head&amp;apos;)[0].appendChild(scr);}}};function init(){window.addEventListener(&amp;quot;load&amp;quot;,function(){setTimeout(function(){timeDelayFired=true;log(&amp;apos;TDELAY -----&amp;apos;);processAll();},5000);},false);}
function addFile(name,path,isBlock,blockedBy,async,defer,proceedIfError,priority){var item=new obj.file(name,path,isBlock,blockedBy,async,defer,proceedIfError);if(priority===true){hpItems[name]=item}else{lpItems[name]=item}
items[name]=item;checkIfBlocked(item);}
function setallowLoad(settobool){allowLoad=settobool}
function addFunc(name,func,parameters,isBlock,blockedBy,autoInc,deleteWhenComplete,proceedIfError,priority){if(autoInc===true)name=name+&amp;quot;_&amp;quot;+incr++;var item=new obj.func(name,func,parameters,isBlock,blockedBy,deleteWhenComplete,proceedIfError);if(priority===true){hpItems[name]=item}else{lpItems[name]=item}
items[name]=item;checkIfBlocked(item);}
function addTimeDelayFile(name,path){var item=new obj.file(name,path,false,[],false,false,true);item.isTimeDelay=true;log(name+&amp;apos; ... &amp;apos;+&amp;apos; FILE! TDELAY&amp;apos;);lpItems[name]=item;items[name]=item;checkIfBlocked(item);}
function addTimeDelayFunc(name,func,parameters){var item=new obj.func(name,func,parameters,false,[],true,true);item.isTimeDelay=true;log(name+&amp;apos; ... &amp;apos;+&amp;apos; FUNCTION! TDELAY&amp;apos;);lpItems[name]=item;items[name]=item;checkIfBlocked(item);}
function checkIfBlocked(item){if(isBlocked(item)===true||allowLoad==false)return;item.process();}
function isBlocked(item){if(item.isTimeDelay===true&amp;amp;amp;&amp;amp;amp;timeDelayFired===false){log(item.name+&amp;quot; blocked = TIME DELAY!&amp;quot;);return true;}
if(item.blockedBy instanceof Array){for(var i=0;i&amp;amp;lt;item.blockedBy.length;i++){var block=item.blockedBy[i];if(items.hasOwnProperty(block)===false){log(item.name+&amp;quot; blocked = &amp;quot;+block);return true;}else if(item.proceedIfError===true&amp;amp;amp;&amp;amp;amp;items[block].isError===true){return false;}else if(items[block].isComplete===false){log(item.name+&amp;quot; blocked = &amp;quot;+block);return true;}}}
return false;}
function log(msg){var href=window.location.href;var reg=new RegExp(&amp;apos;[?&amp;amp;amp;]ezq=([^&amp;amp;amp;#]*)&amp;apos;,&amp;apos;i&amp;apos;);var string=reg.exec(href);var res=string?string[1]:null;if(res===&amp;quot;1&amp;quot;)console.debug(msg);}
function processAll(){count++;if(count&amp;amp;gt;200)return;log(&amp;quot;let&amp;apos;s go&amp;quot;);processItems(hpItems);processItems(lpItems);}
function processItems(list){for(var i in list){if(list.hasOwnProperty(i)===false)continue;var item=list[i];if(item.isComplete===true||isBlocked(item)||item.isInitialized===true||item.isError===true){if(item.isError===true){log(item.name+&amp;apos;: error&amp;apos;)}else if(item.isComplete===true){log(item.name+&amp;apos;: complete already&amp;apos;)}else if(item.isInitialized===true){log(item.name+&amp;apos;: initialized already&amp;apos;)}}else{item.process();}}}
init();return{addFile:addFile,addDelayFile:addTimeDelayFile,addFunc:addFunc,addDelayFunc:addTimeDelayFunc,items:items,processAll:processAll,setallowLoad:setallowLoad};})();__ez.evt.add=function(e,t,n){e.addEventListener?e.addEventListener(t,n,!1):e.attachEvent?e.attachEvent(&amp;quot;on&amp;quot;+t,n):e[&amp;quot;on&amp;quot;+t]=n()},__ez.evt.remove=function(e,t,n){e.removeEventListener?e.removeEventListener(t,n,!1):e.detachEvent?e.detachEvent(&amp;quot;on&amp;quot;+t,n):delete e[&amp;quot;on&amp;quot;+t]};__ez.script.add=function(e){var t=document.createElement(&amp;quot;script&amp;quot;);t.src=e,t.async=!0,t.type=&amp;quot;text/javascript&amp;quot;,document.getElementsByTagName(&amp;quot;head&amp;quot;)[0].appendChild(t)};__ez.queue.addFile(&amp;apos;/detroitchicago/boise.js&amp;apos;, &amp;apos;/detroitchicago/boise.js?gcb=191-6&amp;amp;amp;cb=1&amp;apos;, false, [], true, false, true, false);__ez.dot={};__ez.queue.addFile(&amp;apos;/detroitchicago/memphis.js&amp;apos;, &amp;apos;/detroitchicago/memphis.js?gcb=191-6&amp;amp;amp;cb=1&amp;apos;, false, [], true, false, true, false);__ez.queue.addFile(&amp;apos;/detroitchicago/minneapolis.js&amp;apos;, &amp;apos;/detroitchicago/minneapolis.js?gcb=191-6&amp;amp;amp;cb=1&amp;apos;, false, [], true, false, true, false);__ez.vep=(function(){var pixels=[],pxURL=&amp;quot;/detroitchicago/grapefruit.gif&amp;quot;;function AddPixel(vID,pixelData){if(__ez.dot.isDefined(vID)&amp;amp;amp;&amp;amp;amp;__ez.dot.isValid(pixelData)){pixels.push({type:&amp;apos;video&amp;apos;,video_impression_id:vID,domain_id:__ez.dot.getDID(),t_epoch:__ez.dot.getEpoch(0),data:__ez.dot.dataToStr(pixelData)});}}
function Fire(){if(typeof document.visibilityState!==&amp;apos;undefined&amp;apos;&amp;amp;amp;&amp;amp;amp;document.visibilityState===&amp;quot;prerender&amp;quot;){return;}
if(__ez.dot.isDefined(pixels)&amp;amp;amp;&amp;amp;amp;pixels.length&amp;amp;gt;0){while(pixels.length&amp;amp;gt;0){var j=5;if(j&amp;amp;gt;pixels.length){j=pixels.length;}
var pushPixels=pixels.splice(0,j);(new Image()).src=__ez.dot.getURL(pxURL)+&amp;quot;?orig=&amp;quot;+(__ez.template.isOrig===true?1:0)+&amp;quot;&amp;amp;amp;v=&amp;quot;+btoa(JSON.stringify(pushPixels));}}
pixels=[];}
return{Add:AddPixel,Fire:Fire};})();&amp;lt;/script&amp;gt;
    &amp;lt;script data-ezscrex=&amp;quot;false&amp;quot; data-cfasync=&amp;quot;false&amp;quot; data-pagespeed-no-defer=&amp;quot;data-pagespeed-no-defer&amp;quot;&amp;gt;__ez.pel=(function(){var pixels=[],pxURL=&amp;quot;/porpoiseant/army.gif&amp;quot;;function AddAndFirePixel(adSlot,pixelData){AddPixel(adSlot,pixelData,0,0,0,0,0);Fire();}
function GetCurrentPixels(){return pixels;}
function AddPixel(adSlot,pixelData,revenue,est_revenue,bid_floor_filled,bid_floor_prev,stat_source_id){if(!__ez.dot.isDefined(adSlot)||__ez.dot.isAnyDefined(adSlot.getSlotElementId,adSlot.ElementId)==false){return;}
var ad_position_id=parseInt(__ez.dot.getTargeting(adSlot,&amp;apos;ap&amp;apos;));var impId=__ez.dot.getSlotIID(adSlot),adUnit=__ez.dot.getAdUnit(adSlot);var compId=parseInt(__ez.dot.getTargeting(adSlot,&amp;quot;compid&amp;quot;));var lineItemId=0;var creativeId=0;var ezimData=getEzimData(adSlot);if(typeof ezimData==&amp;apos;object&amp;apos;){if(ezimData.creative_id!==undefined){creativeId=ezimData.creative_id;}
if(ezimData.line_item_id!==undefined){lineItemId=ezimData.line_item_id;}}
if(__ez.dot.isDefined(impId,adUnit)&amp;amp;amp;&amp;amp;amp;__ez.dot.isValid(pixelData)){pixels.push({type:&amp;quot;impression&amp;quot;,impression_id:impId,domain_id:__ez.dot.getDID(),unit:adUnit,t_epoch:__ez.dot.getEpoch(0),revenue:revenue,est_revenue:est_revenue,ad_position:ad_position_id,ad_size:&amp;quot;&amp;quot;,bid_floor_filled:bid_floor_filled,bid_floor_prev:bid_floor_prev,stat_source_id:stat_source_id,country_code:__ez.dot.getCC(),pageview_id:__ez.dot.getPageviewId(),comp_id:compId,line_item_id:lineItemId,creative_id:creativeId,data:__ez.dot.dataToStr(pixelData)});}}
function AddPixelById(impFullId,pixelData){var vals=impFullId.split(&amp;apos;/&amp;apos;);if(__ez.dot.isDefined(impFullId)&amp;amp;amp;&amp;amp;amp;vals.length===3&amp;amp;amp;&amp;amp;amp;__ez.dot.isValid(pixelData)){var adUnit=vals[0],impId=vals[2];pixels.push({type:&amp;quot;impression&amp;quot;,impression_id:impId,domain_id:__ez.dot.getDID(),unit:adUnit,t_epoch:__ez.dot.getEpoch(0),pageview_id:__ez.dot.getPageviewId(),data:__ez.dot.dataToStr(pixelData)});}}
function Fire(){if(typeof document.visibilityState!==&amp;apos;undefined&amp;apos;&amp;amp;amp;&amp;amp;amp;document.visibilityState===&amp;quot;prerender&amp;quot;)return;if(__ez.dot.isDefined(pixels)&amp;amp;amp;&amp;amp;amp;pixels.length&amp;amp;gt;0){while(pixels.length&amp;amp;gt;0){var j=5;if(j&amp;amp;gt;pixels.length){j=pixels.length;}
var pushPixels=pixels.splice(0,j);var pixelURL=__ez.dot.getURL(pxURL)+&amp;quot;?orig=&amp;quot;+(__ez.template.isOrig===true?1:0)+&amp;quot;&amp;amp;amp;sts=&amp;quot;+btoa(JSON.stringify(pushPixels));if(typeof window.isAmp!==&amp;apos;undefined&amp;apos;&amp;amp;amp;&amp;amp;amp;isAmp&amp;amp;amp;&amp;amp;amp;typeof window._ezaq!==&amp;apos;undefined&amp;apos;&amp;amp;amp;&amp;amp;amp;_ezaq.hasOwnProperty(&amp;quot;domain_id&amp;quot;)){pixelURL+=&amp;quot;&amp;amp;amp;visit_uuid=&amp;quot;+_ezaq[&amp;apos;visit_uuid&amp;apos;];}
(new Image()).src=pixelURL;}}
pixels=[];}
function getEzimData(adSlot){if(typeof _ezim_d==&amp;quot;undefined&amp;quot;){return false}
var adUnitName=__ez.dot.getAdUnitPath(adSlot).split(&amp;apos;/&amp;apos;).pop();if(typeof _ezim_d===&amp;apos;object&amp;apos;&amp;amp;amp;&amp;amp;amp;_ezim_d.hasOwnProperty(adUnitName)){return _ezim_d[adUnitName];}
for(var ezimKey in _ezim_d){if(ezimKey.split(&amp;apos;/&amp;apos;).pop()===adUnitName){return _ezim_d[ezimKey];}}
return false;}
return{Add:AddPixel,AddAndFire:AddAndFirePixel,AddById:AddPixelById,Fire:Fire,GetPixels:GetCurrentPixels,};})();__ez.queue.addFile(&amp;apos;/detroitchicago/raleigh.js&amp;apos;, &amp;apos;/detroitchicago/raleigh.js?gcb=191-6&amp;amp;amp;cb=1&amp;apos;, false, [], true, false, true, false);__ez.queue.addFile(&amp;apos;/detroitchicago/tampa.js&amp;apos;, &amp;apos;/detroitchicago/tampa.js?gcb=191-6&amp;amp;amp;cb=1&amp;apos;, false, [], true, false, true, false);&amp;lt;/script&amp;gt;
    &amp;lt;script data-ezscrex=&amp;quot;false&amp;quot; type=&amp;quot;text/javascript&amp;quot; data-cfasync=&amp;quot;false&amp;quot;&amp;gt;var _ezaq = {&amp;quot;ad_cache_level&amp;quot;:0,&amp;quot;ad_count_adjustment&amp;quot;:0,&amp;quot;ad_lazyload_version&amp;quot;:0,&amp;quot;ad_location_ids&amp;quot;:&amp;quot;&amp;quot;,&amp;quot;ad_transform_level&amp;quot;:0,&amp;quot;adx_ad_count&amp;quot;:0,&amp;quot;bidder_method&amp;quot;:1,&amp;quot;bidder_version&amp;quot;:3,&amp;quot;city&amp;quot;:&amp;quot;Dublin&amp;quot;,&amp;quot;country&amp;quot;:&amp;quot;IE&amp;quot;,&amp;quot;days_since_last_visit&amp;quot;:-1,&amp;quot;display_ad_count&amp;quot;:0,&amp;quot;domain_id&amp;quot;:133674,&amp;quot;ds_adsize_opt_id&amp;quot;:-1,&amp;quot;engaged_time_visit&amp;quot;:0,&amp;quot;ezcache_level&amp;quot;:1,&amp;quot;forensiq_score&amp;quot;:-1,&amp;quot;form_factor_id&amp;quot;:1,&amp;quot;framework_id&amp;quot;:1,&amp;quot;has_bad_image&amp;quot;:0,&amp;quot;has_bad_words&amp;quot;:0,&amp;quot;iab_category&amp;quot;:&amp;quot;&amp;quot;,&amp;quot;is_from_recommended_pages&amp;quot;:false,&amp;quot;is_return_visitor&amp;quot;:false,&amp;quot;is_sitespeed&amp;quot;:0,&amp;quot;last_page_load&amp;quot;:&amp;quot;&amp;quot;,&amp;quot;last_pageview_id&amp;quot;:&amp;quot;&amp;quot;,&amp;quot;lt_cache_level&amp;quot;:0,&amp;quot;max_ads&amp;quot;:0,&amp;quot;metro_code&amp;quot;:0,&amp;quot;optimization_version&amp;quot;:1,&amp;quot;page_ad_positions&amp;quot;:&amp;quot;&amp;quot;,&amp;quot;page_view_count&amp;quot;:0,&amp;quot;page_view_id&amp;quot;:&amp;quot;991b93ed-89e8-4f18-444a-f253b6e85af9&amp;quot;,&amp;quot;position_selection_id&amp;quot;:0,&amp;quot;postal_code&amp;quot;:&amp;quot;D02&amp;quot;,&amp;quot;pv_event_count&amp;quot;:0,&amp;quot;response_time_orig&amp;quot;:832,&amp;quot;serverid&amp;quot;:&amp;quot;34.249.105.16:19232&amp;quot;,&amp;quot;state&amp;quot;:&amp;quot;L&amp;quot;,&amp;quot;sub_page_ad_positions&amp;quot;:&amp;quot;&amp;quot;,&amp;quot;t_epoch&amp;quot;:1599923239,&amp;quot;template_id&amp;quot;:0,&amp;quot;time_on_site_visit&amp;quot;:0,&amp;quot;url&amp;quot;:&amp;quot;http://dummy.restapiexample.com/api/v1/employee/2982&amp;quot;,&amp;quot;user_id&amp;quot;:0,&amp;quot;word_count&amp;quot;:0,&amp;quot;worst_bad_word_level&amp;quot;:0};var _ezim_d = null;var _ezat = {&amp;quot;domain_id&amp;quot;:133674,&amp;quot;form_factor_id&amp;quot;:1,&amp;quot;framework_id&amp;quot;:1,&amp;quot;pageview_date&amp;quot;:&amp;quot;2020-09-12&amp;quot;,&amp;quot;pageview_id&amp;quot;:&amp;quot;991b93ed-89e8-4f18-444a-f253b6e85af9&amp;quot;,&amp;quot;template_id&amp;quot;:0,&amp;quot;url&amp;quot;:&amp;quot;http://dummy.restapiexample.com/api/v1/employee/2982&amp;quot;,&amp;quot;visit_uuid&amp;quot;:&amp;quot;7f117f5a-2893-4b0f-7314-e166b8e48f39&amp;quot;};&amp;lt;/script&amp;gt;
    &amp;lt;script data-ezscrex=&amp;quot;false&amp;quot; data-pagespeed-no-defer=&amp;quot;data-pagespeed-no-defer&amp;quot; data-cfasync=&amp;quot;false&amp;quot; type=&amp;quot;text/javascript&amp;quot;&amp;gt;__ez.queue.addFile(&amp;apos;banger.js&amp;apos;, &amp;apos;/porpoiseant/banger.js?cb=191-6&amp;amp;amp;bv=86&amp;amp;amp;v=35&amp;amp;amp;PageSpeed=off&amp;apos;, true, [], true, false, false, true);&amp;lt;/script&amp;gt;
    &amp;lt;script data-ezscrex=&amp;quot;false&amp;quot; data-cfasync=&amp;quot;false&amp;quot;&amp;gt;(function(){if(&amp;quot;function&amp;quot;===typeof window.CustomEvent)return!1;window.CustomEvent=function(c,a){a=a||{bubbles:!1,cancelable:!1,detail:null};var b=document.createEvent(&amp;quot;CustomEvent&amp;quot;);b.initCustomEvent(c,a.bubbles,a.cancelable,a.detail);return b}})();&amp;lt;/script&amp;gt;
    &amp;lt;script data-ezscrex=&amp;quot;false&amp;quot; data-cfasync=&amp;quot;false&amp;quot;&amp;gt;__ez.queue.addFile(&amp;apos;/detroitchicago/tulsa.js&amp;apos;, &amp;apos;/detroitchicago/tulsa.js?gcb=191-6&amp;amp;amp;cb=2&amp;apos;, false, [], true, false, true, false);&amp;lt;/script&amp;gt;
    &amp;lt;meta name=&amp;quot;viewport&amp;quot; content=&amp;quot;width=device-width, initial-scale=1&amp;quot;/&amp;gt;
    &amp;lt;title&amp;gt;Too Many Requests&amp;lt;/title&amp;gt;
    &amp;lt;link rel=&amp;quot;dns-prefetch&amp;quot; href=&amp;quot;//fonts.gstatic.com&amp;quot;/&amp;gt;
    &amp;lt;link href=&amp;quot;https://fonts.googleapis.com/css?family=Nunito&amp;quot; rel=&amp;quot;stylesheet&amp;quot;/&amp;gt;
    &amp;lt;style&amp;gt;
            html, body {
                background-color: #fff;
                color: #636b6f;
                font-family: &amp;apos;Nunito&amp;apos;, sans-serif;
                font-weight: 100;
                height: 100vh;
                margin: 0;
            }

            .full-height {
                height: 100vh;
            }

            .flex-center {
                align-items: center;
                display: flex;
                justify-content: center;
            }

            .position-ref {
                position: relative;
            }

            .code {
                border-right: 2px solid;
                font-size: 26px;
                padding: 0 15px 0 15px;
                text-align: center;
            }

            .message {
                font-size: 18px;
                text-align: center;
            }
        &amp;lt;/style&amp;gt;
    &amp;lt;script data-ezscrex=&amp;quot;false&amp;quot; data-cfasync=&amp;quot;false&amp;quot; type=&amp;quot;text/javascript&amp;quot;&amp;gt;window.google_analytics_uacct = &amp;quot;UA-131129777-14&amp;quot;;&amp;lt;/script&amp;gt;
    &amp;lt;script data-ezscrex=&amp;quot;false&amp;quot; data-cfasync=&amp;quot;false&amp;quot; type=&amp;quot;text/javascript&amp;quot;&amp;gt;
var _gaq = _gaq || [];
_gaq.push([&amp;apos;e._setAccount&amp;apos;, &amp;apos;UA-131129777-14&amp;apos;]);
_gaq.push([&amp;apos;f._setAccount&amp;apos;, &amp;apos;UA-38339005-1&amp;apos;]);
_gaq.push([&amp;apos;e._setDomainName&amp;apos;, &amp;apos;restapiexample.com&amp;apos;]);
_gaq.push([&amp;apos;f._setDomainName&amp;apos;, &amp;apos;restapiexample.com&amp;apos;]);
_gaq.push([&amp;apos;e._setCustomVar&amp;apos;,1,&amp;apos;template&amp;apos;,&amp;apos;pub_site_noads&amp;apos;,3]);
_gaq.push([&amp;apos;e._setCustomVar&amp;apos;,2,&amp;apos;t&amp;apos;,&amp;apos;147&amp;apos;,3]);
_gaq.push([&amp;apos;e._setCustomVar&amp;apos;,3,&amp;apos;rid&amp;apos;,&amp;apos;0&amp;apos;,2]);
_gaq.push([&amp;apos;e._setCustomVar&amp;apos;,4,&amp;apos;bra&amp;apos;,&amp;apos;mod1&amp;apos;,3]);
_gaq.push([&amp;apos;e._setAllowAnchor&amp;apos;,true]);
_gaq.push([&amp;apos;e._setSiteSpeedSampleRate&amp;apos;, 10]);
_gaq.push([&amp;apos;f._setCustomVar&amp;apos;,1,&amp;apos;template&amp;apos;,&amp;apos;pub_site_noads&amp;apos;,3]);
_gaq.push([&amp;apos;f._setCustomVar&amp;apos;,2,&amp;apos;domain&amp;apos;,&amp;apos;restapiexample.com&amp;apos;,3]);
_gaq.push([&amp;apos;f._setSiteSpeedSampleRate&amp;apos;, 20]);
_gaq.push([&amp;apos;e._trackPageview&amp;apos;]);
_gaq.push([&amp;apos;f._trackPageview&amp;apos;]);


(function() {
 var ga = document.createElement(&amp;apos;script&amp;apos;); ga.type = &amp;apos;text/javascript&amp;apos;; ga.async = true;
 ga.src = (&amp;apos;https:&amp;apos; == document.location.protocol ? &amp;apos;https://ssl&amp;apos; : &amp;apos;http://www&amp;apos;) + &amp;apos;.google-analytics.com/ga.js&amp;apos;;
 var s = document.getElementsByTagName(&amp;apos;script&amp;apos;)[0]; s.parentNode.insertBefore(ga, s);
})();
&amp;lt;/script&amp;gt;
    &amp;lt;script type=&amp;quot;text/javascript&amp;quot;&amp;gt;var ezouid = &amp;quot;1&amp;quot;;&amp;lt;/script&amp;gt;
    &amp;lt;base href=&amp;quot;http://dummy.restapiexample.com/api/v1/employee/2982&amp;quot;/&amp;gt;
    &amp;lt;script type=&amp;quot;text/javascript&amp;quot;&amp;gt;
var ezoTemplate = &amp;apos;pub_site_noads&amp;apos;;
if(typeof ezouid == &amp;apos;undefined&amp;apos;)
{
    var ezouid = &amp;apos;none&amp;apos;;
}
var ezoFormfactor = &amp;apos;1&amp;apos;;
var ezo_elements_to_check = Array();
&amp;lt;/script&amp;gt;
    &amp;lt;script data-ezscrex=&amp;quot;false&amp;quot; type=&amp;quot;text/javascript&amp;quot;&amp;gt;
var soc_app_id = &amp;apos;0&amp;apos;;
var did = 133674;
var ezdomain = &amp;apos;restapiexample.com&amp;apos;;
var ezoicSearchable = 1;
&amp;lt;/script&amp;gt;
    &amp;lt;script data-ezscrex=&amp;quot;false&amp;quot; data-pagespeed-no-defer=&amp;quot;data-pagespeed-no-defer&amp;quot; data-cfasync=&amp;quot;false&amp;quot;&amp;gt;
function create_ezolpl(pvID, rv) {
    var d = new Date();
    d.setTime(d.getTime() + (365*24*60*60*1000));
    var expires = &amp;quot;expires=&amp;quot;+d.toUTCString();
    __ez.ck.setByCat(&amp;quot;ezux_lpl_133674=&amp;quot; + new Date().getTime() + &amp;quot;|&amp;quot; + pvID + &amp;quot;|&amp;quot; + rv + &amp;quot;; &amp;quot; + expires, 3);
}
function attach_ezolpl(pvID, rv) {
    if (document.readyState === &amp;quot;complete&amp;quot;) {
        create_ezolpl(pvID, rv);
    }
    if(window.attachEvent) {
        window.attachEvent(&amp;quot;onload&amp;quot;, create_ezolpl, pvID, rv);
    } else {
        if(window.onload) {
            var curronload = window.onload;
            var newonload = function(evt) {
                curronload(evt);
                create_ezolpl(pvID, rv);
            };
            window.onload = newonload;
        } else {
            window.onload = create_ezolpl.bind(null, pvID, rv);
        }
    }
}

__ez.queue.addFunc(&amp;quot;attach_ezolpl&amp;quot;, &amp;quot;attach_ezolpl&amp;quot;, [&amp;quot;991b93ed-89e8-4f18-444a-f253b6e85af9&amp;quot;, &amp;quot;false&amp;quot;], false, [&amp;apos;/detroitchicago/boise.js&amp;apos;], true, false, false, false);
&amp;lt;/script&amp;gt;
  &amp;lt;/head&amp;gt;
  &amp;lt;body&amp;gt;
    &amp;lt;div class=&amp;quot;flex-center position-ref full-height&amp;quot;&amp;gt;
      &amp;lt;div class=&amp;quot;code&amp;quot;&amp;gt;
                429            &amp;lt;/div&amp;gt;
      &amp;lt;div class=&amp;quot;message&amp;quot; style=&amp;quot;padding: 10px;&amp;quot;&amp;gt;
                Too Many Requests            &amp;lt;/div&amp;gt;
    &amp;lt;/div&amp;gt;
    &amp;lt;script type=&amp;quot;text/javascript&amp;quot; style=&amp;quot;display:none;&amp;quot;&amp;gt;var __ez_dims = (function() {
		var setCookie = function( name, content, expiry ) {
			return document.cookie = name+&amp;apos;=&amp;apos;+content+((expiry)?&amp;apos;;expires=&amp;apos;+(new Date(Math.floor(new Date().getTime()+expiry*1000)).toUTCString()):&amp;apos;&amp;apos;)+&amp;apos;;path=/&amp;apos;;
		};
		var ffid = 1;
		var oh = window.screen.height;
		var ow = window.screen.width;
		var h = ffid === 1 ? oh : (oh &amp;amp;gt; ow) ? oh : ow;
		var w = ffid === 1 ? ow : (oh &amp;amp;gt; ow) ? ow : oh;
		var uh = window.innerHeight || document.documentElement.clientHeight || document.getElementsByTagName(&amp;apos;body&amp;apos;)[0].clientHeight;
		var uw = window.innerWidth || document.documentElement.clientWidth || document.getElementsByTagName(&amp;apos;body&amp;apos;)[0].clientWidth;
		setCookie(&amp;apos;ezds&amp;apos;, encodeURIComponent(&amp;apos;ffid=&amp;apos;+ffid+&amp;apos;,w=&amp;apos;+w+&amp;apos;,h=&amp;apos;+h), (31536e3*7));
		setCookie(&amp;apos;ezohw&amp;apos;, encodeURIComponent(&amp;apos;w=&amp;apos;+uw+&amp;apos;,h=&amp;apos;+uh), (31536e3*7));
	})();&amp;lt;/script&amp;gt;
    &amp;lt;script type=&amp;quot;text/javascript&amp;quot; style=&amp;quot;display:none;&amp;quot; async=&amp;quot;async&amp;quot;&amp;gt;
__ez.queue.addFile(&amp;apos;edmonton.php&amp;apos;, &amp;apos;/detroitchicago/edmonton.webp?a=a&amp;amp;amp;cb=191-6&amp;amp;amp;shcb=34&amp;apos;, true, [&amp;apos;/detroitchicago/minneapolis.js&amp;apos;], true, false, false, false);
__ez.queue.addFile(&amp;apos;jellyfish.php&amp;apos;, &amp;apos;/porpoiseant/jellyfish.webp?a=a&amp;amp;amp;cb=191-6&amp;amp;amp;shcb=34&amp;apos;, false, [], true, false, false, false);
&amp;lt;/script&amp;gt;
    &amp;lt;script type=&amp;quot;text/javascript&amp;quot; data-cfasync=&amp;quot;false&amp;quot;/&amp;gt;
  &amp;lt;/body&amp;gt;
&amp;lt;/html&amp;gt;">
      <![CDATA[cucumber.runtime.CucumberException: java.lang.AssertionError: Expected Status code = 200 but Status code = 429 was found instead...
Body coming from backend is--><html lang="en">
  <head>
    <meta charset="utf-8"/>
    <script data-ezscrex="false" data-cfasync="false" data-pagespeed-no-defer="data-pagespeed-no-defer">var __ez=__ez||{};__ez.stms=Date.now();__ez.evt={};__ez.script={};__ez.ck=__ez.ck||{};__ez.template={};__ez.template.isOrig=false;__ez.queue=(function(){var count=0,incr=0,items=[],timeDelayFired=false,hpItems=[],lpItems=[],allowLoad=true;var obj={func:function(name,funcName,parameters,isBlock,blockedBy,deleteWhenComplete,proceedIfError){var self=this;this.name=name;this.funcName=funcName;this.parameters=parameters===null?null:(parameters instanceof Array)?parameters:[parameters];this.isBlock=isBlock;this.blockedBy=blockedBy;this.deleteWhenComplete=deleteWhenComplete;this.isError=false;this.isComplete=false;this.isInitialized=false;this.proceedIfError=proceedIfError;this.isTimeDelay=false;this.process=function(){log("... func = "+name);self.isInitialized=true;self.isComplete=true;log("... func.apply: "+name);var funcs=self.funcName.split('.');var func=null;if(funcs.length&gt;3){}else if(funcs.length===3){func=window[funcs[0]][funcs[1]][funcs[2]];}else if(funcs.length===2){func=window[funcs[0]][funcs[1]];}else{func=window[self.funcName];}
if(typeof func!=='undefined'&amp;&amp;func!==null){func.apply(null,this.parameters);}
if(self.deleteWhenComplete===true)delete items[name];if(self.isBlock===true){log("----- F'D: "+self.name);processAll();}}},file:function(name,path,isBlock,blockedBy,async,defer,proceedIfError){var self=this;this.name=name;this.path=path;this.async=async;this.defer=defer;this.isBlock=isBlock;this.blockedBy=blockedBy;this.isInitialized=false;this.isError=false;this.isComplete=false;this.proceedIfError=proceedIfError;this.isTimeDelay=false;this.process=function(){self.isInitialized=true;log("... file = "+name);var scr=document.createElement('script');scr.src=path;if(async===true)scr.async=true;else if(defer===true)scr.defer=true;scr.onerror=function(){log("----- ERR'D: "+self.name);self.isError=true;if(self.isBlock===true){processAll();}};scr.onreadystatechange=scr.onload=function(){var state=scr.readyState;log("----- F'D: "+self.name);if((!state||/loaded|complete/.test(state))){self.isComplete=true;if(self.isBlock===true){processAll();}}};document.getElementsByTagName('head')[0].appendChild(scr);}}};function init(){window.addEventListener("load",function(){setTimeout(function(){timeDelayFired=true;log('TDELAY -----');processAll();},5000);},false);}
function addFile(name,path,isBlock,blockedBy,async,defer,proceedIfError,priority){var item=new obj.file(name,path,isBlock,blockedBy,async,defer,proceedIfError);if(priority===true){hpItems[name]=item}else{lpItems[name]=item}
items[name]=item;checkIfBlocked(item);}
function setallowLoad(settobool){allowLoad=settobool}
function addFunc(name,func,parameters,isBlock,blockedBy,autoInc,deleteWhenComplete,proceedIfError,priority){if(autoInc===true)name=name+"_"+incr++;var item=new obj.func(name,func,parameters,isBlock,blockedBy,deleteWhenComplete,proceedIfError);if(priority===true){hpItems[name]=item}else{lpItems[name]=item}
items[name]=item;checkIfBlocked(item);}
function addTimeDelayFile(name,path){var item=new obj.file(name,path,false,[],false,false,true);item.isTimeDelay=true;log(name+' ... '+' FILE! TDELAY');lpItems[name]=item;items[name]=item;checkIfBlocked(item);}
function addTimeDelayFunc(name,func,parameters){var item=new obj.func(name,func,parameters,false,[],true,true);item.isTimeDelay=true;log(name+' ... '+' FUNCTION! TDELAY');lpItems[name]=item;items[name]=item;checkIfBlocked(item);}
function checkIfBlocked(item){if(isBlocked(item)===true||allowLoad==false)return;item.process();}
function isBlocked(item){if(item.isTimeDelay===true&amp;&amp;timeDelayFired===false){log(item.name+" blocked = TIME DELAY!");return true;}
if(item.blockedBy instanceof Array){for(var i=0;i&lt;item.blockedBy.length;i++){var block=item.blockedBy[i];if(items.hasOwnProperty(block)===false){log(item.name+" blocked = "+block);return true;}else if(item.proceedIfError===true&amp;&amp;items[block].isError===true){return false;}else if(items[block].isComplete===false){log(item.name+" blocked = "+block);return true;}}}
return false;}
function log(msg){var href=window.location.href;var reg=new RegExp('[?&amp;]ezq=([^&amp;#]*)','i');var string=reg.exec(href);var res=string?string[1]:null;if(res==="1")console.debug(msg);}
function processAll(){count++;if(count&gt;200)return;log("let's go");processItems(hpItems);processItems(lpItems);}
function processItems(list){for(var i in list){if(list.hasOwnProperty(i)===false)continue;var item=list[i];if(item.isComplete===true||isBlocked(item)||item.isInitialized===true||item.isError===true){if(item.isError===true){log(item.name+': error')}else if(item.isComplete===true){log(item.name+': complete already')}else if(item.isInitialized===true){log(item.name+': initialized already')}}else{item.process();}}}
init();return{addFile:addFile,addDelayFile:addTimeDelayFile,addFunc:addFunc,addDelayFunc:addTimeDelayFunc,items:items,processAll:processAll,setallowLoad:setallowLoad};})();__ez.evt.add=function(e,t,n){e.addEventListener?e.addEventListener(t,n,!1):e.attachEvent?e.attachEvent("on"+t,n):e["on"+t]=n()},__ez.evt.remove=function(e,t,n){e.removeEventListener?e.removeEventListener(t,n,!1):e.detachEvent?e.detachEvent("on"+t,n):delete e["on"+t]};__ez.script.add=function(e){var t=document.createElement("script");t.src=e,t.async=!0,t.type="text/javascript",document.getElementsByTagName("head")[0].appendChild(t)};__ez.queue.addFile('/detroitchicago/boise.js', '/detroitchicago/boise.js?gcb=191-6&amp;cb=1', false, [], true, false, true, false);__ez.dot={};__ez.queue.addFile('/detroitchicago/memphis.js', '/detroitchicago/memphis.js?gcb=191-6&amp;cb=1', false, [], true, false, true, false);__ez.queue.addFile('/detroitchicago/minneapolis.js', '/detroitchicago/minneapolis.js?gcb=191-6&amp;cb=1', false, [], true, false, true, false);__ez.vep=(function(){var pixels=[],pxURL="/detroitchicago/grapefruit.gif";function AddPixel(vID,pixelData){if(__ez.dot.isDefined(vID)&amp;&amp;__ez.dot.isValid(pixelData)){pixels.push({type:'video',video_impression_id:vID,domain_id:__ez.dot.getDID(),t_epoch:__ez.dot.getEpoch(0),data:__ez.dot.dataToStr(pixelData)});}}
function Fire(){if(typeof document.visibilityState!=='undefined'&amp;&amp;document.visibilityState==="prerender"){return;}
if(__ez.dot.isDefined(pixels)&amp;&amp;pixels.length&gt;0){while(pixels.length&gt;0){var j=5;if(j&gt;pixels.length){j=pixels.length;}
var pushPixels=pixels.splice(0,j);(new Image()).src=__ez.dot.getURL(pxURL)+"?orig="+(__ez.template.isOrig===true?1:0)+"&amp;v="+btoa(JSON.stringify(pushPixels));}}
pixels=[];}
return{Add:AddPixel,Fire:Fire};})();</script>
    <script data-ezscrex="false" data-cfasync="false" data-pagespeed-no-defer="data-pagespeed-no-defer">__ez.pel=(function(){var pixels=[],pxURL="/porpoiseant/army.gif";function AddAndFirePixel(adSlot,pixelData){AddPixel(adSlot,pixelData,0,0,0,0,0);Fire();}
function GetCurrentPixels(){return pixels;}
function AddPixel(adSlot,pixelData,revenue,est_revenue,bid_floor_filled,bid_floor_prev,stat_source_id){if(!__ez.dot.isDefined(adSlot)||__ez.dot.isAnyDefined(adSlot.getSlotElementId,adSlot.ElementId)==false){return;}
var ad_position_id=parseInt(__ez.dot.getTargeting(adSlot,'ap'));var impId=__ez.dot.getSlotIID(adSlot),adUnit=__ez.dot.getAdUnit(adSlot);var compId=parseInt(__ez.dot.getTargeting(adSlot,"compid"));var lineItemId=0;var creativeId=0;var ezimData=getEzimData(adSlot);if(typeof ezimData=='object'){if(ezimData.creative_id!==undefined){creativeId=ezimData.creative_id;}
if(ezimData.line_item_id!==undefined){lineItemId=ezimData.line_item_id;}}
if(__ez.dot.isDefined(impId,adUnit)&amp;&amp;__ez.dot.isValid(pixelData)){pixels.push({type:"impression",impression_id:impId,domain_id:__ez.dot.getDID(),unit:adUnit,t_epoch:__ez.dot.getEpoch(0),revenue:revenue,est_revenue:est_revenue,ad_position:ad_position_id,ad_size:"",bid_floor_filled:bid_floor_filled,bid_floor_prev:bid_floor_prev,stat_source_id:stat_source_id,country_code:__ez.dot.getCC(),pageview_id:__ez.dot.getPageviewId(),comp_id:compId,line_item_id:lineItemId,creative_id:creativeId,data:__ez.dot.dataToStr(pixelData)});}}
function AddPixelById(impFullId,pixelData){var vals=impFullId.split('/');if(__ez.dot.isDefined(impFullId)&amp;&amp;vals.length===3&amp;&amp;__ez.dot.isValid(pixelData)){var adUnit=vals[0],impId=vals[2];pixels.push({type:"impression",impression_id:impId,domain_id:__ez.dot.getDID(),unit:adUnit,t_epoch:__ez.dot.getEpoch(0),pageview_id:__ez.dot.getPageviewId(),data:__ez.dot.dataToStr(pixelData)});}}
function Fire(){if(typeof document.visibilityState!=='undefined'&amp;&amp;document.visibilityState==="prerender")return;if(__ez.dot.isDefined(pixels)&amp;&amp;pixels.length&gt;0){while(pixels.length&gt;0){var j=5;if(j&gt;pixels.length){j=pixels.length;}
var pushPixels=pixels.splice(0,j);var pixelURL=__ez.dot.getURL(pxURL)+"?orig="+(__ez.template.isOrig===true?1:0)+"&amp;sts="+btoa(JSON.stringify(pushPixels));if(typeof window.isAmp!=='undefined'&amp;&amp;isAmp&amp;&amp;typeof window._ezaq!=='undefined'&amp;&amp;_ezaq.hasOwnProperty("domain_id")){pixelURL+="&amp;visit_uuid="+_ezaq['visit_uuid'];}
(new Image()).src=pixelURL;}}
pixels=[];}
function getEzimData(adSlot){if(typeof _ezim_d=="undefined"){return false}
var adUnitName=__ez.dot.getAdUnitPath(adSlot).split('/').pop();if(typeof _ezim_d==='object'&amp;&amp;_ezim_d.hasOwnProperty(adUnitName)){return _ezim_d[adUnitName];}
for(var ezimKey in _ezim_d){if(ezimKey.split('/').pop()===adUnitName){return _ezim_d[ezimKey];}}
return false;}
return{Add:AddPixel,AddAndFire:AddAndFirePixel,AddById:AddPixelById,Fire:Fire,GetPixels:GetCurrentPixels,};})();__ez.queue.addFile('/detroitchicago/raleigh.js', '/detroitchicago/raleigh.js?gcb=191-6&amp;cb=1', false, [], true, false, true, false);__ez.queue.addFile('/detroitchicago/tampa.js', '/detroitchicago/tampa.js?gcb=191-6&amp;cb=1', false, [], true, false, true, false);</script>
    <script data-ezscrex="false" type="text/javascript" data-cfasync="false">var _ezaq = {"ad_cache_level":0,"ad_count_adjustment":0,"ad_lazyload_version":0,"ad_location_ids":"","ad_transform_level":0,"adx_ad_count":0,"bidder_method":1,"bidder_version":3,"city":"Dublin","country":"IE","days_since_last_visit":-1,"display_ad_count":0,"domain_id":133674,"ds_adsize_opt_id":-1,"engaged_time_visit":0,"ezcache_level":1,"forensiq_score":-1,"form_factor_id":1,"framework_id":1,"has_bad_image":0,"has_bad_words":0,"iab_category":"","is_from_recommended_pages":false,"is_return_visitor":false,"is_sitespeed":0,"last_page_load":"","last_pageview_id":"","lt_cache_level":0,"max_ads":0,"metro_code":0,"optimization_version":1,"page_ad_positions":"","page_view_count":0,"page_view_id":"991b93ed-89e8-4f18-444a-f253b6e85af9","position_selection_id":0,"postal_code":"D02","pv_event_count":0,"response_time_orig":832,"serverid":"34.249.105.16:19232","state":"L","sub_page_ad_positions":"","t_epoch":1599923239,"template_id":0,"time_on_site_visit":0,"url":"http://dummy.restapiexample.com/api/v1/employee/2982","user_id":0,"word_count":0,"worst_bad_word_level":0};var _ezim_d = null;var _ezat = {"domain_id":133674,"form_factor_id":1,"framework_id":1,"pageview_date":"2020-09-12","pageview_id":"991b93ed-89e8-4f18-444a-f253b6e85af9","template_id":0,"url":"http://dummy.restapiexample.com/api/v1/employee/2982","visit_uuid":"7f117f5a-2893-4b0f-7314-e166b8e48f39"};</script>
    <script data-ezscrex="false" data-pagespeed-no-defer="data-pagespeed-no-defer" data-cfasync="false" type="text/javascript">__ez.queue.addFile('banger.js', '/porpoiseant/banger.js?cb=191-6&amp;bv=86&amp;v=35&amp;PageSpeed=off', true, [], true, false, false, true);</script>
    <script data-ezscrex="false" data-cfasync="false">(function(){if("function"===typeof window.CustomEvent)return!1;window.CustomEvent=function(c,a){a=a||{bubbles:!1,cancelable:!1,detail:null};var b=document.createEvent("CustomEvent");b.initCustomEvent(c,a.bubbles,a.cancelable,a.detail);return b}})();</script>
    <script data-ezscrex="false" data-cfasync="false">__ez.queue.addFile('/detroitchicago/tulsa.js', '/detroitchicago/tulsa.js?gcb=191-6&amp;cb=2', false, [], true, false, true, false);</script>
    <meta name="viewport" content="width=device-width, initial-scale=1"/>
    <title>Too Many Requests</title>
    <link rel="dns-prefetch" href="//fonts.gstatic.com"/>
    <link href="https://fonts.googleapis.com/css?family=Nunito" rel="stylesheet"/>
    <style>
            html, body {
                background-color: #fff;
                color: #636b6f;
                font-family: 'Nunito', sans-serif;
                font-weight: 100;
                height: 100vh;
                margin: 0;
            }

            .full-height {
                height: 100vh;
            }

            .flex-center {
                align-items: center;
                display: flex;
                justify-content: center;
            }

            .position-ref {
                position: relative;
            }

            .code {
                border-right: 2px solid;
                font-size: 26px;
                padding: 0 15px 0 15px;
                text-align: center;
            }

            .message {
                font-size: 18px;
                text-align: center;
            }
        </style>
    <script data-ezscrex="false" data-cfasync="false" type="text/javascript">window.google_analytics_uacct = "UA-131129777-14";</script>
    <script data-ezscrex="false" data-cfasync="false" type="text/javascript">
var _gaq = _gaq || [];
_gaq.push(['e._setAccount', 'UA-131129777-14']);
_gaq.push(['f._setAccount', 'UA-38339005-1']);
_gaq.push(['e._setDomainName', 'restapiexample.com']);
_gaq.push(['f._setDomainName', 'restapiexample.com']);
_gaq.push(['e._setCustomVar',1,'template','pub_site_noads',3]);
_gaq.push(['e._setCustomVar',2,'t','147',3]);
_gaq.push(['e._setCustomVar',3,'rid','0',2]);
_gaq.push(['e._setCustomVar',4,'bra','mod1',3]);
_gaq.push(['e._setAllowAnchor',true]);
_gaq.push(['e._setSiteSpeedSampleRate', 10]);
_gaq.push(['f._setCustomVar',1,'template','pub_site_noads',3]);
_gaq.push(['f._setCustomVar',2,'domain','restapiexample.com',3]);
_gaq.push(['f._setSiteSpeedSampleRate', 20]);
_gaq.push(['e._trackPageview']);
_gaq.push(['f._trackPageview']);


(function() {
 var ga = document.createElement('script'); ga.type = 'text/javascript'; ga.async = true;
 ga.src = ('https:' == document.location.protocol ? 'https://ssl' : 'http://www') + '.google-analytics.com/ga.js';
 var s = document.getElementsByTagName('script')[0]; s.parentNode.insertBefore(ga, s);
})();
</script>
    <script type="text/javascript">var ezouid = "1";</script>
    <base href="http://dummy.restapiexample.com/api/v1/employee/2982"/>
    <script type="text/javascript">
var ezoTemplate = 'pub_site_noads';
if(typeof ezouid == 'undefined')
{
    var ezouid = 'none';
}
var ezoFormfactor = '1';
var ezo_elements_to_check = Array();
</script>
    <script data-ezscrex="false" type="text/javascript">
var soc_app_id = '0';
var did = 133674;
var ezdomain = 'restapiexample.com';
var ezoicSearchable = 1;
</script>
    <script data-ezscrex="false" data-pagespeed-no-defer="data-pagespeed-no-defer" data-cfasync="false">
function create_ezolpl(pvID, rv) {
    var d = new Date();
    d.setTime(d.getTime() + (365*24*60*60*1000));
    var expires = "expires="+d.toUTCString();
    __ez.ck.setByCat("ezux_lpl_133674=" + new Date().getTime() + "|" + pvID + "|" + rv + "; " + expires, 3);
}
function attach_ezolpl(pvID, rv) {
    if (document.readyState === "complete") {
        create_ezolpl(pvID, rv);
    }
    if(window.attachEvent) {
        window.attachEvent("onload", create_ezolpl, pvID, rv);
    } else {
        if(window.onload) {
            var curronload = window.onload;
            var newonload = function(evt) {
                curronload(evt);
                create_ezolpl(pvID, rv);
            };
            window.onload = newonload;
        } else {
            window.onload = create_ezolpl.bind(null, pvID, rv);
        }
    }
}

__ez.queue.addFunc("attach_ezolpl", "attach_ezolpl", ["991b93ed-89e8-4f18-444a-f253b6e85af9", "false"], false, ['/detroitchicago/boise.js'], true, false, false, false);
</script>
  </head>
  <body>
    <div class="flex-center position-ref full-height">
      <div class="code">
                429            </div>
      <div class="message" style="padding: 10px;">
                Too Many Requests            </div>
    </div>
    <script type="text/javascript" style="display:none;">var __ez_dims = (function() {
var setCookie = function( name, content, expiry ) {
return document.cookie = name+'='+content+((expiry)?';expires='+(new Date(Math.floor(new Date().getTime()+expiry*1000)).toUTCString()):'')+';path=/';
};
var ffid = 1;
var oh = window.screen.height;
var ow = window.screen.width;
var h = ffid === 1 ? oh : (oh &gt; ow) ? oh : ow;
var w = ffid === 1 ? ow : (oh &gt; ow) ? ow : oh;
var uh = window.innerHeight || document.documentElement.clientHeight || document.getElementsByTagName('body')[0].clientHeight;
var uw = window.innerWidth || document.documentElement.clientWidth || document.getElementsByTagName('body')[0].clientWidth;
setCookie('ezds', encodeURIComponent('ffid='+ffid+',w='+w+',h='+h), (31536e3*7));
setCookie('ezohw', encodeURIComponent('w='+uw+',h='+uh), (31536e3*7));
})();</script>
    <script type="text/javascript" style="display:none;" async="async">
__ez.queue.addFile('edmonton.php', '/detroitchicago/edmonton.webp?a=a&amp;cb=191-6&amp;shcb=34', true, ['/detroitchicago/minneapolis.js'], true, false, false, false);
__ez.queue.addFile('jellyfish.php', '/porpoiseant/jellyfish.webp?a=a&amp;cb=191-6&amp;shcb=34', false, [], true, false, false, false);
</script>
    <script type="text/javascript" data-cfasync="false"/>
  </body>
</html>
at cucumber.api.testng.TestNGCucumberRunner.runCucumber(TestNGCucumberRunner.java:69)
at testRunnerFile.TestRunner.feature(TestRunner.java:29)
at org.apache.maven.plugin.surefire.InPluginVMSurefireStarter.runSuitesInProcess(InPluginVMSurefireStarter.java:87)
at org.apache.maven.plugin.surefire.AbstractSurefireMojo.executeProvider(AbstractSurefireMojo.java:1166)
at org.apache.maven.plugin.surefire.AbstractSurefireMojo.executeAfterPreconditionsChecked(AbstractSurefireMojo.java:1011)
at org.apache.maven.plugin.surefire.AbstractSurefireMojo.execute(AbstractSurefireMojo.java:857)
at org.apache.maven.plugin.DefaultBuildPluginManager.executeMojo(DefaultBuildPluginManager.java:137)
at org.apache.maven.lifecycle.internal.MojoExecutor.execute(MojoExecutor.java:210)
at org.apache.maven.lifecycle.internal.MojoExecutor.execute(MojoExecutor.java:156)
at org.apache.maven.lifecycle.internal.MojoExecutor.execute(MojoExecutor.java:148)
at org.apache.maven.lifecycle.internal.LifecycleModuleBuilder.buildProject(LifecycleModuleBuilder.java:117)
at org.apache.maven.lifecycle.internal.LifecycleModuleBuilder.buildProject(LifecycleModuleBuilder.java:81)
at org.apache.maven.lifecycle.internal.builder.singlethreaded.SingleThreadedBuilder.build(SingleThreadedBuilder.java:56)
at org.apache.maven.lifecycle.internal.LifecycleStarter.execute(LifecycleStarter.java:128)
at org.apache.maven.DefaultMaven.doExecute(DefaultMaven.java:305)
at org.apache.maven.DefaultMaven.doExecute(DefaultMaven.java:192)
at org.apache.maven.DefaultMaven.execute(DefaultMaven.java:105)
at org.apache.maven.cli.MavenCli.execute(MavenCli.java:956)
at org.apache.maven.cli.MavenCli.doMain(MavenCli.java:288)
at org.apache.maven.cli.MavenCli.main(MavenCli.java:192)
at org.codehaus.plexus.classworlds.launcher.Launcher.launchEnhanced(Launcher.java:282)
at org.codehaus.plexus.classworlds.launcher.Launcher.launch(Launcher.java:225)
at org.codehaus.plexus.classworlds.launcher.Launcher.mainWithExitCode(Launcher.java:406)
at org.codehaus.plexus.classworlds.launcher.Launcher.main(Launcher.java:347)
at org.codehaus.classworlds.Launcher.main(Launcher.java:47)
Caused by: java.lang.AssertionError: Expected Status code = 200 but Status code = 429 was found instead...
Body coming from backend is--><html lang="en">
  <head>
    <meta charset="utf-8"/>
    <script data-ezscrex="false" data-cfasync="false" data-pagespeed-no-defer="data-pagespeed-no-defer">var __ez=__ez||{};__ez.stms=Date.now();__ez.evt={};__ez.script={};__ez.ck=__ez.ck||{};__ez.template={};__ez.template.isOrig=false;__ez.queue=(function(){var count=0,incr=0,items=[],timeDelayFired=false,hpItems=[],lpItems=[],allowLoad=true;var obj={func:function(name,funcName,parameters,isBlock,blockedBy,deleteWhenComplete,proceedIfError){var self=this;this.name=name;this.funcName=funcName;this.parameters=parameters===null?null:(parameters instanceof Array)?parameters:[parameters];this.isBlock=isBlock;this.blockedBy=blockedBy;this.deleteWhenComplete=deleteWhenComplete;this.isError=false;this.isComplete=false;this.isInitialized=false;this.proceedIfError=proceedIfError;this.isTimeDelay=false;this.process=function(){log("... func = "+name);self.isInitialized=true;self.isComplete=true;log("... func.apply: "+name);var funcs=self.funcName.split('.');var func=null;if(funcs.length&gt;3){}else if(funcs.length===3){func=window[funcs[0]][funcs[1]][funcs[2]];}else if(funcs.length===2){func=window[funcs[0]][funcs[1]];}else{func=window[self.funcName];}
if(typeof func!=='undefined'&amp;&amp;func!==null){func.apply(null,this.parameters);}
if(self.deleteWhenComplete===true)delete items[name];if(self.isBlock===true){log("----- F'D: "+self.name);processAll();}}},file:function(name,path,isBlock,blockedBy,async,defer,proceedIfError){var self=this;this.name=name;this.path=path;this.async=async;this.defer=defer;this.isBlock=isBlock;this.blockedBy=blockedBy;this.isInitialized=false;this.isError=false;this.isComplete=false;this.proceedIfError=proceedIfError;this.isTimeDelay=false;this.process=function(){self.isInitialized=true;log("... file = "+name);var scr=document.createElement('script');scr.src=path;if(async===true)scr.async=true;else if(defer===true)scr.defer=true;scr.onerror=function(){log("----- ERR'D: "+self.name);self.isError=true;if(self.isBlock===true){processAll();}};scr.onreadystatechange=scr.onload=function(){var state=scr.readyState;log("----- F'D: "+self.name);if((!state||/loaded|complete/.test(state))){self.isComplete=true;if(self.isBlock===true){processAll();}}};document.getElementsByTagName('head')[0].appendChild(scr);}}};function init(){window.addEventListener("load",function(){setTimeout(function(){timeDelayFired=true;log('TDELAY -----');processAll();},5000);},false);}
function addFile(name,path,isBlock,blockedBy,async,defer,proceedIfError,priority){var item=new obj.file(name,path,isBlock,blockedBy,async,defer,proceedIfError);if(priority===true){hpItems[name]=item}else{lpItems[name]=item}
items[name]=item;checkIfBlocked(item);}
function setallowLoad(settobool){allowLoad=settobool}
function addFunc(name,func,parameters,isBlock,blockedBy,autoInc,deleteWhenComplete,proceedIfError,priority){if(autoInc===true)name=name+"_"+incr++;var item=new obj.func(name,func,parameters,isBlock,blockedBy,deleteWhenComplete,proceedIfError);if(priority===true){hpItems[name]=item}else{lpItems[name]=item}
items[name]=item;checkIfBlocked(item);}
function addTimeDelayFile(name,path){var item=new obj.file(name,path,false,[],false,false,true);item.isTimeDelay=true;log(name+' ... '+' FILE! TDELAY');lpItems[name]=item;items[name]=item;checkIfBlocked(item);}
function addTimeDelayFunc(name,func,parameters){var item=new obj.func(name,func,parameters,false,[],true,true);item.isTimeDelay=true;log(name+' ... '+' FUNCTION! TDELAY');lpItems[name]=item;items[name]=item;checkIfBlocked(item);}
function checkIfBlocked(item){if(isBlocked(item)===true||allowLoad==false)return;item.process();}
function isBlocked(item){if(item.isTimeDelay===true&amp;&amp;timeDelayFired===false){log(item.name+" blocked = TIME DELAY!");return true;}
if(item.blockedBy instanceof Array){for(var i=0;i&lt;item.blockedBy.length;i++){var block=item.blockedBy[i];if(items.hasOwnProperty(block)===false){log(item.name+" blocked = "+block);return true;}else if(item.proceedIfError===true&amp;&amp;items[block].isError===true){return false;}else if(items[block].isComplete===false){log(item.name+" blocked = "+block);return true;}}}
return false;}
function log(msg){var href=window.location.href;var reg=new RegExp('[?&amp;]ezq=([^&amp;#]*)','i');var string=reg.exec(href);var res=string?string[1]:null;if(res==="1")console.debug(msg);}
function processAll(){count++;if(count&gt;200)return;log("let's go");processItems(hpItems);processItems(lpItems);}
function processItems(list){for(var i in list){if(list.hasOwnProperty(i)===false)continue;var item=list[i];if(item.isComplete===true||isBlocked(item)||item.isInitialized===true||item.isError===true){if(item.isError===true){log(item.name+': error')}else if(item.isComplete===true){log(item.name+': complete already')}else if(item.isInitialized===true){log(item.name+': initialized already')}}else{item.process();}}}
init();return{addFile:addFile,addDelayFile:addTimeDelayFile,addFunc:addFunc,addDelayFunc:addTimeDelayFunc,items:items,processAll:processAll,setallowLoad:setallowLoad};})();__ez.evt.add=function(e,t,n){e.addEventListener?e.addEventListener(t,n,!1):e.attachEvent?e.attachEvent("on"+t,n):e["on"+t]=n()},__ez.evt.remove=function(e,t,n){e.removeEventListener?e.removeEventListener(t,n,!1):e.detachEvent?e.detachEvent("on"+t,n):delete e["on"+t]};__ez.script.add=function(e){var t=document.createElement("script");t.src=e,t.async=!0,t.type="text/javascript",document.getElementsByTagName("head")[0].appendChild(t)};__ez.queue.addFile('/detroitchicago/boise.js', '/detroitchicago/boise.js?gcb=191-6&amp;cb=1', false, [], true, false, true, false);__ez.dot={};__ez.queue.addFile('/detroitchicago/memphis.js', '/detroitchicago/memphis.js?gcb=191-6&amp;cb=1', false, [], true, false, true, false);__ez.queue.addFile('/detroitchicago/minneapolis.js', '/detroitchicago/minneapolis.js?gcb=191-6&amp;cb=1', false, [], true, false, true, false);__ez.vep=(function(){var pixels=[],pxURL="/detroitchicago/grapefruit.gif";function AddPixel(vID,pixelData){if(__ez.dot.isDefined(vID)&amp;&amp;__ez.dot.isValid(pixelData)){pixels.push({type:'video',video_impression_id:vID,domain_id:__ez.dot.getDID(),t_epoch:__ez.dot.getEpoch(0),data:__ez.dot.dataToStr(pixelData)});}}
function Fire(){if(typeof document.visibilityState!=='undefined'&amp;&amp;document.visibilityState==="prerender"){return;}
if(__ez.dot.isDefined(pixels)&amp;&amp;pixels.length&gt;0){while(pixels.length&gt;0){var j=5;if(j&gt;pixels.length){j=pixels.length;}
var pushPixels=pixels.splice(0,j);(new Image()).src=__ez.dot.getURL(pxURL)+"?orig="+(__ez.template.isOrig===true?1:0)+"&amp;v="+btoa(JSON.stringify(pushPixels));}}
pixels=[];}
return{Add:AddPixel,Fire:Fire};})();</script>
    <script data-ezscrex="false" data-cfasync="false" data-pagespeed-no-defer="data-pagespeed-no-defer">__ez.pel=(function(){var pixels=[],pxURL="/porpoiseant/army.gif";function AddAndFirePixel(adSlot,pixelData){AddPixel(adSlot,pixelData,0,0,0,0,0);Fire();}
function GetCurrentPixels(){return pixels;}
function AddPixel(adSlot,pixelData,revenue,est_revenue,bid_floor_filled,bid_floor_prev,stat_source_id){if(!__ez.dot.isDefined(adSlot)||__ez.dot.isAnyDefined(adSlot.getSlotElementId,adSlot.ElementId)==false){return;}
var ad_position_id=parseInt(__ez.dot.getTargeting(adSlot,'ap'));var impId=__ez.dot.getSlotIID(adSlot),adUnit=__ez.dot.getAdUnit(adSlot);var compId=parseInt(__ez.dot.getTargeting(adSlot,"compid"));var lineItemId=0;var creativeId=0;var ezimData=getEzimData(adSlot);if(typeof ezimData=='object'){if(ezimData.creative_id!==undefined){creativeId=ezimData.creative_id;}
if(ezimData.line_item_id!==undefined){lineItemId=ezimData.line_item_id;}}
if(__ez.dot.isDefined(impId,adUnit)&amp;&amp;__ez.dot.isValid(pixelData)){pixels.push({type:"impression",impression_id:impId,domain_id:__ez.dot.getDID(),unit:adUnit,t_epoch:__ez.dot.getEpoch(0),revenue:revenue,est_revenue:est_revenue,ad_position:ad_position_id,ad_size:"",bid_floor_filled:bid_floor_filled,bid_floor_prev:bid_floor_prev,stat_source_id:stat_source_id,country_code:__ez.dot.getCC(),pageview_id:__ez.dot.getPageviewId(),comp_id:compId,line_item_id:lineItemId,creative_id:creativeId,data:__ez.dot.dataToStr(pixelData)});}}
function AddPixelById(impFullId,pixelData){var vals=impFullId.split('/');if(__ez.dot.isDefined(impFullId)&amp;&amp;vals.length===3&amp;&amp;__ez.dot.isValid(pixelData)){var adUnit=vals[0],impId=vals[2];pixels.push({type:"impression",impression_id:impId,domain_id:__ez.dot.getDID(),unit:adUnit,t_epoch:__ez.dot.getEpoch(0),pageview_id:__ez.dot.getPageviewId(),data:__ez.dot.dataToStr(pixelData)});}}
function Fire(){if(typeof document.visibilityState!=='undefined'&amp;&amp;document.visibilityState==="prerender")return;if(__ez.dot.isDefined(pixels)&amp;&amp;pixels.length&gt;0){while(pixels.length&gt;0){var j=5;if(j&gt;pixels.length){j=pixels.length;}
var pushPixels=pixels.splice(0,j);var pixelURL=__ez.dot.getURL(pxURL)+"?orig="+(__ez.template.isOrig===true?1:0)+"&amp;sts="+btoa(JSON.stringify(pushPixels));if(typeof window.isAmp!=='undefined'&amp;&amp;isAmp&amp;&amp;typeof window._ezaq!=='undefined'&amp;&amp;_ezaq.hasOwnProperty("domain_id")){pixelURL+="&amp;visit_uuid="+_ezaq['visit_uuid'];}
(new Image()).src=pixelURL;}}
pixels=[];}
function getEzimData(adSlot){if(typeof _ezim_d=="undefined"){return false}
var adUnitName=__ez.dot.getAdUnitPath(adSlot).split('/').pop();if(typeof _ezim_d==='object'&amp;&amp;_ezim_d.hasOwnProperty(adUnitName)){return _ezim_d[adUnitName];}
for(var ezimKey in _ezim_d){if(ezimKey.split('/').pop()===adUnitName){return _ezim_d[ezimKey];}}
return false;}
return{Add:AddPixel,AddAndFire:AddAndFirePixel,AddById:AddPixelById,Fire:Fire,GetPixels:GetCurrentPixels,};})();__ez.queue.addFile('/detroitchicago/raleigh.js', '/detroitchicago/raleigh.js?gcb=191-6&amp;cb=1', false, [], true, false, true, false);__ez.queue.addFile('/detroitchicago/tampa.js', '/detroitchicago/tampa.js?gcb=191-6&amp;cb=1', false, [], true, false, true, false);</script>
    <script data-ezscrex="false" type="text/javascript" data-cfasync="false">var _ezaq = {"ad_cache_level":0,"ad_count_adjustment":0,"ad_lazyload_version":0,"ad_location_ids":"","ad_transform_level":0,"adx_ad_count":0,"bidder_method":1,"bidder_version":3,"city":"Dublin","country":"IE","days_since_last_visit":-1,"display_ad_count":0,"domain_id":133674,"ds_adsize_opt_id":-1,"engaged_time_visit":0,"ezcache_level":1,"forensiq_score":-1,"form_factor_id":1,"framework_id":1,"has_bad_image":0,"has_bad_words":0,"iab_category":"","is_from_recommended_pages":false,"is_return_visitor":false,"is_sitespeed":0,"last_page_load":"","last_pageview_id":"","lt_cache_level":0,"max_ads":0,"metro_code":0,"optimization_version":1,"page_ad_positions":"","page_view_count":0,"page_view_id":"991b93ed-89e8-4f18-444a-f253b6e85af9","position_selection_id":0,"postal_code":"D02","pv_event_count":0,"response_time_orig":832,"serverid":"34.249.105.16:19232","state":"L","sub_page_ad_positions":"","t_epoch":1599923239,"template_id":0,"time_on_site_visit":0,"url":"http://dummy.restapiexample.com/api/v1/employee/2982","user_id":0,"word_count":0,"worst_bad_word_level":0};var _ezim_d = null;var _ezat = {"domain_id":133674,"form_factor_id":1,"framework_id":1,"pageview_date":"2020-09-12","pageview_id":"991b93ed-89e8-4f18-444a-f253b6e85af9","template_id":0,"url":"http://dummy.restapiexample.com/api/v1/employee/2982","visit_uuid":"7f117f5a-2893-4b0f-7314-e166b8e48f39"};</script>
    <script data-ezscrex="false" data-pagespeed-no-defer="data-pagespeed-no-defer" data-cfasync="false" type="text/javascript">__ez.queue.addFile('banger.js', '/porpoiseant/banger.js?cb=191-6&amp;bv=86&amp;v=35&amp;PageSpeed=off', true, [], true, false, false, true);</script>
    <script data-ezscrex="false" data-cfasync="false">(function(){if("function"===typeof window.CustomEvent)return!1;window.CustomEvent=function(c,a){a=a||{bubbles:!1,cancelable:!1,detail:null};var b=document.createEvent("CustomEvent");b.initCustomEvent(c,a.bubbles,a.cancelable,a.detail);return b}})();</script>
    <script data-ezscrex="false" data-cfasync="false">__ez.queue.addFile('/detroitchicago/tulsa.js', '/detroitchicago/tulsa.js?gcb=191-6&amp;cb=2', false, [], true, false, true, false);</script>
    <meta name="viewport" content="width=device-width, initial-scale=1"/>
    <title>Too Many Requests</title>
    <link rel="dns-prefetch" href="//fonts.gstatic.com"/>
    <link href="https://fonts.googleapis.com/css?family=Nunito" rel="stylesheet"/>
    <style>
            html, body {
                background-color: #fff;
                color: #636b6f;
                font-family: 'Nunito', sans-serif;
                font-weight: 100;
                height: 100vh;
                margin: 0;
            }

            .full-height {
                height: 100vh;
            }

            .flex-center {
                align-items: center;
                display: flex;
                justify-content: center;
            }

            .position-ref {
                position: relative;
            }

            .code {
                border-right: 2px solid;
                font-size: 26px;
                padding: 0 15px 0 15px;
                text-align: center;
            }

            .message {
                font-size: 18px;
                text-align: center;
            }
        </style>
    <script data-ezscrex="false" data-cfasync="false" type="text/javascript">window.google_analytics_uacct = "UA-131129777-14";</script>
    <script data-ezscrex="false" data-cfasync="false" type="text/javascript">
var _gaq = _gaq || [];
_gaq.push(['e._setAccount', 'UA-131129777-14']);
_gaq.push(['f._setAccount', 'UA-38339005-1']);
_gaq.push(['e._setDomainName', 'restapiexample.com']);
_gaq.push(['f._setDomainName', 'restapiexample.com']);
_gaq.push(['e._setCustomVar',1,'template','pub_site_noads',3]);
_gaq.push(['e._setCustomVar',2,'t','147',3]);
_gaq.push(['e._setCustomVar',3,'rid','0',2]);
_gaq.push(['e._setCustomVar',4,'bra','mod1',3]);
_gaq.push(['e._setAllowAnchor',true]);
_gaq.push(['e._setSiteSpeedSampleRate', 10]);
_gaq.push(['f._setCustomVar',1,'template','pub_site_noads',3]);
_gaq.push(['f._setCustomVar',2,'domain','restapiexample.com',3]);
_gaq.push(['f._setSiteSpeedSampleRate', 20]);
_gaq.push(['e._trackPageview']);
_gaq.push(['f._trackPageview']);


(function() {
 var ga = document.createElement('script'); ga.type = 'text/javascript'; ga.async = true;
 ga.src = ('https:' == document.location.protocol ? 'https://ssl' : 'http://www') + '.google-analytics.com/ga.js';
 var s = document.getElementsByTagName('script')[0]; s.parentNode.insertBefore(ga, s);
})();
</script>
    <script type="text/javascript">var ezouid = "1";</script>
    <base href="http://dummy.restapiexample.com/api/v1/employee/2982"/>
    <script type="text/javascript">
var ezoTemplate = 'pub_site_noads';
if(typeof ezouid == 'undefined')
{
    var ezouid = 'none';
}
var ezoFormfactor = '1';
var ezo_elements_to_check = Array();
</script>
    <script data-ezscrex="false" type="text/javascript">
var soc_app_id = '0';
var did = 133674;
var ezdomain = 'restapiexample.com';
var ezoicSearchable = 1;
</script>
    <script data-ezscrex="false" data-pagespeed-no-defer="data-pagespeed-no-defer" data-cfasync="false">
function create_ezolpl(pvID, rv) {
    var d = new Date();
    d.setTime(d.getTime() + (365*24*60*60*1000));
    var expires = "expires="+d.toUTCString();
    __ez.ck.setByCat("ezux_lpl_133674=" + new Date().getTime() + "|" + pvID + "|" + rv + "; " + expires, 3);
}
function attach_ezolpl(pvID, rv) {
    if (document.readyState === "complete") {
        create_ezolpl(pvID, rv);
    }
    if(window.attachEvent) {
        window.attachEvent("onload", create_ezolpl, pvID, rv);
    } else {
        if(window.onload) {
            var curronload = window.onload;
            var newonload = function(evt) {
                curronload(evt);
                create_ezolpl(pvID, rv);
            };
            window.onload = newonload;
        } else {
            window.onload = create_ezolpl.bind(null, pvID, rv);
        }
    }
}

__ez.queue.addFunc("attach_ezolpl", "attach_ezolpl", ["991b93ed-89e8-4f18-444a-f253b6e85af9", "false"], false, ['/detroitchicago/boise.js'], true, false, false, false);
</script>
  </head>
  <body>
    <div class="flex-center position-ref full-height">
      <div class="code">
                429            </div>
      <div class="message" style="padding: 10px;">
                Too Many Requests            </div>
    </div>
    <script type="text/javascript" style="display:none;">var __ez_dims = (function() {
var setCookie = function( name, content, expiry ) {
return document.cookie = name+'='+content+((expiry)?';expires='+(new Date(Math.floor(new Date().getTime()+expiry*1000)).toUTCString()):'')+';path=/';
};
var ffid = 1;
var oh = window.screen.height;
var ow = window.screen.width;
var h = ffid === 1 ? oh : (oh &gt; ow) ? oh : ow;
var w = ffid === 1 ? ow : (oh &gt; ow) ? ow : oh;
var uh = window.innerHeight || document.documentElement.clientHeight || document.getElementsByTagName('body')[0].clientHeight;
var uw = window.innerWidth || document.documentElement.clientWidth || document.getElementsByTagName('body')[0].clientWidth;
setCookie('ezds', encodeURIComponent('ffid='+ffid+',w='+w+',h='+h), (31536e3*7));
setCookie('ezohw', encodeURIComponent('w='+uw+',h='+uh), (31536e3*7));
})();</script>
    <script type="text/javascript" style="display:none;" async="async">
__ez.queue.addFile('edmonton.php', '/detroitchicago/edmonton.webp?a=a&amp;cb=191-6&amp;shcb=34', true, ['/detroitchicago/minneapolis.js'], true, false, false, false);
__ez.queue.addFile('jellyfish.php', '/porpoiseant/jellyfish.webp?a=a&amp;cb=191-6&amp;shcb=34', false, [], true, false, false, false);
</script>
    <script type="text/javascript" data-cfasync="false"/>
  </body>
</html>
at org.junit.Assert.fail(Assert.java:93)
at utility.HTTP_Methods.responseCode(HTTP_Methods.java:83)
at stepDefinitionFiles.httpActivity.verify_the_Response_code_is(httpActivity.java:23)
at ✽.Then verify the Response code is "200"(TC01 GET All Employees.feature:12)
... Removed 36 stack frames]]>
    </failure>
  </testcase> <!-- feature -->
</testsuite> <!-- testngTest -->
