<?xml version="1.0" encoding="UTF-8"?>
<testng-results skipped="0" failed="0" ignored="0" total="1" passed="1">
  <reporter-output>
  </reporter-output>
  <suite name="Rest assured APi Testing Frameworks" duration-ms="4565" started-at="2020-11-29T14:17:26Z" finished-at="2020-11-29T14:17:30Z">
    <groups>
      <group name="cucumber">
        <method signature="TestRunner.feature(cucumber.api.testng.CucumberFeatureWrapper)[pri:0, instance:testRunnerFile.TestRunner@2f3166a]" name="feature" class="testRunnerFile.TestRunner"/>
      </group> <!-- cucumber -->
    </groups>
    <test name="test 1" duration-ms="4565" started-at="2020-11-29T14:17:26Z" finished-at="2020-11-29T14:17:30Z">
      <class name="testRunnerFile.TestRunner">
        <test-method status="PASS" signature="setUpClass()[pri:0, instance:testRunnerFile.TestRunner@2f3166a]" name="setUpClass" is-config="true" duration-ms="320" started-at="2020-11-29T14:17:26Z" finished-at="2020-11-29T14:17:26Z">
          <reporter-output>
          </reporter-output>
        </test-method> <!-- setUpClass -->
        <test-method status="PASS" signature="feature(cucumber.api.testng.CucumberFeatureWrapper)[pri:0, instance:testRunnerFile.TestRunner@2f3166a]" name="feature" duration-ms="3949" started-at="2020-11-29T14:17:26Z" description="Runs Cucumber Feature" data-provider="features" finished-at="2020-11-29T14:17:30Z">
          <params>
            <param index="0">
              <value>
                <![CDATA[TC01 (GET) All Employees]]>
              </value>
            </param>
          </params>
          <reporter-output>
          </reporter-output>
        </test-method> <!-- feature -->
        <test-method status="PASS" signature="tearDownClass()[pri:0, instance:testRunnerFile.TestRunner@2f3166a]" name="tearDownClass" is-config="true" duration-ms="159" started-at="2020-11-29T14:17:30Z" finished-at="2020-11-29T14:17:30Z">
          <reporter-output>
          </reporter-output>
        </test-method> <!-- tearDownClass -->
      </class> <!-- testRunnerFile.TestRunner -->
    </test> <!-- test 1 -->
  </suite> <!-- Rest assured APi Testing Frameworks -->
</testng-results>
