<?xml version="1.0" encoding="UTF-8"?>
<testsuite xmlns:xsi="http://www.w3.org/2001/XMLSchema-instance" xsi:noNamespaceSchemaLocation="https://maven.apache.org/surefire/maven-surefire-plugin/xsd/surefire-test-report.xsd" name="TestSuite" time="8.74" tests="1" errors="0" skipped="0" failures="1">
  <properties>
[...]
</properties>
  <testcase name="feature" classname="testRunnerFile.TestRunner" time="5.997">
    <failure message="java.lang.AssertionError: Expected Status code = 200 but Status code = 429 was found instead...&#10;Body coming from backend is--&gt;&lt;html lang=&quot;en&quot;&gt;&#10;  &lt;head&gt;&#10;    &lt;meta charset=&quot;utf-8&quot;/&gt;&#10;    &lt;script data-ezscrex=&quot;false&quot; data-cfasync=&quot;false&quot; data-pagespeed-no-defer=&quot;data-pagespeed-no-defer&quot;&gt;var __ez=__ez||{};__ez.stms=Date.now();__ez.evt={};__ez.script={};__ez.ck=__ez.ck||{};__ez.template={};__ez.template.isOrig=false;__ez.queue=(function(){var count=0,incr=0,items=[],timeDelayFired=false,hpItems=[],lpItems=[],allowLoad=true;var obj={func:function(name,funcName,parameters,isBlock,blockedBy,deleteWhenComplete,proceedIfError){var self=this;this.name=name;this.funcName=funcName;this.parameters=parameters===null?null:(parameters instanceof Array)?parameters:[parameters];this.isBlock=isBlock;this.blockedBy=blockedBy;this.deleteWhenComplete=deleteWhenComplete;this.isError=false;this.isComplete=false;this.isInitialized=false;this.proceedIfError=proceedIfError;this.isTimeDelay=false;this.process=function(){log(&quot;... func = &quot;+name);self.isInitialized=true;self.isComplete=true;log(&quot;... func.apply: &quot;+name);var funcs=self.funcName.split(&apos;.&apos;);var func=null;if(funcs.length&amp;gt;3){}else if(funcs.length===3){func=window[funcs[0]][funcs[1]][funcs[2]];}else if(funcs.length===2){func=window[funcs[0]][funcs[1]];}else{func=window[self.funcName];}&#10;if(typeof func!==&apos;undefined&apos;&amp;amp;&amp;amp;func!==null){func.apply(null,this.parameters);}&#10;if(self.deleteWhenComplete===true)delete items[name];if(self.isBlock===true){log(&quot;----- F&apos;D: &quot;+self.name);processAll();}}},file:function(name,path,isBlock,blockedBy,async,defer,proceedIfError){var self=this;this.name=name;this.path=path;this.async=async;this.defer=defer;this.isBlock=isBlock;this.blockedBy=blockedBy;this.isInitialized=false;this.isError=false;this.isComplete=false;this.proceedIfError=proceedIfError;this.isTimeDelay=false;this.process=function(){self.isInitialized=true;log(&quot;... file = &quot;+name);var scr=document.createElement(&apos;script&apos;);scr.src=path;if(async===true)scr.async=true;else if(defer===true)scr.defer=true;scr.onerror=function(){log(&quot;----- ERR&apos;D: &quot;+self.name);self.isError=true;if(self.isBlock===true){processAll();}};scr.onreadystatechange=scr.onload=function(){var state=scr.readyState;log(&quot;----- F&apos;D: &quot;+self.name);if((!state||/loaded|complete/.test(state))){self.isComplete=true;if(self.isBlock===true){processAll();}}};document.getElementsByTagName(&apos;head&apos;)[0].appendChild(scr);}}};function init(){window.addEventListener(&quot;load&quot;,function(){setTimeout(function(){timeDelayFired=true;log(&apos;TDELAY -----&apos;);processAll();},5000);},false);}&#10;function addFile(name,path,isBlock,blockedBy,async,defer,proceedIfError,priority){var item=new obj.file(name,path,isBlock,blockedBy,async,defer,proceedIfError);if(priority===true){hpItems[name]=item}else{lpItems[name]=item}&#10;items[name]=item;checkIfBlocked(item);}&#10;function setallowLoad(settobool){allowLoad=settobool}&#10;function addFunc(name,func,parameters,isBlock,blockedBy,autoInc,deleteWhenComplete,proceedIfError,priority){if(autoInc===true)name=name+&quot;_&quot;+incr++;var item=new obj.func(name,func,parameters,isBlock,blockedBy,deleteWhenComplete,proceedIfError);if(priority===true){hpItems[name]=item}else{lpItems[name]=item}&#10;items[name]=item;checkIfBlocked(item);}&#10;function addTimeDelayFile(name,path){var item=new obj.file(name,path,false,[],false,false,true);item.isTimeDelay=true;log(name+&apos; ... &apos;+&apos; FILE! TDELAY&apos;);lpItems[name]=item;items[name]=item;checkIfBlocked(item);}&#10;function addTimeDelayFunc(name,func,parameters){var item=new obj.func(name,func,parameters,false,[],true,true);item.isTimeDelay=true;log(name+&apos; ... &apos;+&apos; FUNCTION! TDELAY&apos;);lpItems[name]=item;items[name]=item;checkIfBlocked(item);}&#10;function checkIfBlocked(item){if(isBlocked(item)===true||allowLoad==false)return;item.process();}&#10;function isBlocked(item){if(item.isTimeDelay===true&amp;amp;&amp;amp;timeDelayFired===false){log(item.name+&quot; blocked = TIME DELAY!&quot;);return true;}&#10;if(item.blockedBy instanceof Array){for(var i=0;i&amp;lt;item.blockedBy.length;i++){var block=item.blockedBy[i];if(items.hasOwnProperty(block)===false){log(item.name+&quot; blocked = &quot;+block);return true;}else if(item.proceedIfError===true&amp;amp;&amp;amp;items[block].isError===true){return false;}else if(items[block].isComplete===false){log(item.name+&quot; blocked = &quot;+block);return true;}}}&#10;return false;}&#10;function log(msg){var href=window.location.href;var reg=new RegExp(&apos;[?&amp;amp;]ezq=([^&amp;amp;#]*)&apos;,&apos;i&apos;);var string=reg.exec(href);var res=string?string[1]:null;if(res===&quot;1&quot;)console.debug(msg);}&#10;function processAll(){count++;if(count&amp;gt;200)return;log(&quot;let&apos;s go&quot;);processItems(hpItems);processItems(lpItems);}&#10;function processItems(list){for(var i in list){if(list.hasOwnProperty(i)===false)continue;var item=list[i];if(item.isComplete===true||isBlocked(item)||item.isInitialized===true||item.isError===true){if(item.isError===true){log(item.name+&apos;: error&apos;)}else if(item.isComplete===true){log(item.name+&apos;: complete already&apos;)}else if(item.isInitialized===true){log(item.name+&apos;: initialized already&apos;)}}else{item.process();}}}&#10;init();return{addFile:addFile,addDelayFile:addTimeDelayFile,addFunc:addFunc,addDelayFunc:addTimeDelayFunc,items:items,processAll:processAll,setallowLoad:setallowLoad};})();__ez.evt.add=function(e,t,n){e.addEventListener?e.addEventListener(t,n,!1):e.attachEvent?e.attachEvent(&quot;on&quot;+t,n):e[&quot;on&quot;+t]=n()},__ez.evt.remove=function(e,t,n){e.removeEventListener?e.removeEventListener(t,n,!1):e.detachEvent?e.detachEvent(&quot;on&quot;+t,n):delete e[&quot;on&quot;+t]};__ez.script.add=function(e){var t=document.createElement(&quot;script&quot;);t.src=e,t.async=!0,t.type=&quot;text/javascript&quot;,document.getElementsByTagName(&quot;head&quot;)[0].appendChild(t)};__ez.queue.addFile(&apos;/detroitchicago/boise.js&apos;, &apos;/detroitchicago/boise.js?gcb=191-6&amp;amp;cb=1&apos;, false, [], true, false, true, false);__ez.dot={};__ez.queue.addFile(&apos;/detroitchicago/memphis.js&apos;, &apos;/detroitchicago/memphis.js?gcb=191-6&amp;amp;cb=1&apos;, false, [], true, false, true, false);__ez.queue.addFile(&apos;/detroitchicago/minneapolis.js&apos;, &apos;/detroitchicago/minneapolis.js?gcb=191-6&amp;amp;cb=1&apos;, false, [], true, false, true, false);__ez.vep=(function(){var pixels=[],pxURL=&quot;/detroitchicago/grapefruit.gif&quot;;function AddPixel(vID,pixelData){if(__ez.dot.isDefined(vID)&amp;amp;&amp;amp;__ez.dot.isValid(pixelData)){pixels.push({type:&apos;video&apos;,video_impression_id:vID,domain_id:__ez.dot.getDID(),t_epoch:__ez.dot.getEpoch(0),data:__ez.dot.dataToStr(pixelData)});}}&#10;function Fire(){if(typeof document.visibilityState!==&apos;undefined&apos;&amp;amp;&amp;amp;document.visibilityState===&quot;prerender&quot;){return;}&#10;if(__ez.dot.isDefined(pixels)&amp;amp;&amp;amp;pixels.length&amp;gt;0){while(pixels.length&amp;gt;0){var j=5;if(j&amp;gt;pixels.length){j=pixels.length;}&#10;var pushPixels=pixels.splice(0,j);(new Image()).src=__ez.dot.getURL(pxURL)+&quot;?orig=&quot;+(__ez.template.isOrig===true?1:0)+&quot;&amp;amp;v=&quot;+btoa(JSON.stringify(pushPixels));}}&#10;pixels=[];}&#10;return{Add:AddPixel,Fire:Fire};})();&lt;/script&gt;&#10;    &lt;script data-ezscrex=&quot;false&quot; data-cfasync=&quot;false&quot; data-pagespeed-no-defer=&quot;data-pagespeed-no-defer&quot;&gt;__ez.pel=(function(){var pixels=[],pxURL=&quot;/porpoiseant/army.gif&quot;;function AddAndFirePixel(adSlot,pixelData){AddPixel(adSlot,pixelData,0,0,0,0,0);Fire();}&#10;function GetCurrentPixels(){return pixels;}&#10;function AddPixel(adSlot,pixelData,revenue,est_revenue,bid_floor_filled,bid_floor_prev,stat_source_id){if(!__ez.dot.isDefined(adSlot)||__ez.dot.isAnyDefined(adSlot.getSlotElementId,adSlot.ElementId)==false){return;}&#10;var ad_position_id=parseInt(__ez.dot.getTargeting(adSlot,&apos;ap&apos;));var impId=__ez.dot.getSlotIID(adSlot),adUnit=__ez.dot.getAdUnit(adSlot);var compId=parseInt(__ez.dot.getTargeting(adSlot,&quot;compid&quot;));var lineItemId=0;var creativeId=0;var ezimData=getEzimData(adSlot);if(typeof ezimData==&apos;object&apos;){if(ezimData.creative_id!==undefined){creativeId=ezimData.creative_id;}&#10;if(ezimData.line_item_id!==undefined){lineItemId=ezimData.line_item_id;}}&#10;if(__ez.dot.isDefined(impId,adUnit)&amp;amp;&amp;amp;__ez.dot.isValid(pixelData)){pixels.push({type:&quot;impression&quot;,impression_id:impId,domain_id:__ez.dot.getDID(),unit:adUnit,t_epoch:__ez.dot.getEpoch(0),revenue:revenue,est_revenue:est_revenue,ad_position:ad_position_id,ad_size:&quot;&quot;,bid_floor_filled:bid_floor_filled,bid_floor_prev:bid_floor_prev,stat_source_id:stat_source_id,country_code:__ez.dot.getCC(),pageview_id:__ez.dot.getPageviewId(),comp_id:compId,line_item_id:lineItemId,creative_id:creativeId,data:__ez.dot.dataToStr(pixelData)});}}&#10;function AddPixelById(impFullId,pixelData){var vals=impFullId.split(&apos;/&apos;);if(__ez.dot.isDefined(impFullId)&amp;amp;&amp;amp;vals.length===3&amp;amp;&amp;amp;__ez.dot.isValid(pixelData)){var adUnit=vals[0],impId=vals[2];pixels.push({type:&quot;impression&quot;,impression_id:impId,domain_id:__ez.dot.getDID(),unit:adUnit,t_epoch:__ez.dot.getEpoch(0),pageview_id:__ez.dot.getPageviewId(),data:__ez.dot.dataToStr(pixelData)});}}&#10;function Fire(){if(typeof document.visibilityState!==&apos;undefined&apos;&amp;amp;&amp;amp;document.visibilityState===&quot;prerender&quot;)return;if(__ez.dot.isDefined(pixels)&amp;amp;&amp;amp;pixels.length&amp;gt;0){while(pixels.length&amp;gt;0){var j=5;if(j&amp;gt;pixels.length){j=pixels.length;}&#10;var pushPixels=pixels.splice(0,j);var pixelURL=__ez.dot.getURL(pxURL)+&quot;?orig=&quot;+(__ez.template.isOrig===true?1:0)+&quot;&amp;amp;sts=&quot;+btoa(JSON.stringify(pushPixels));if(typeof window.isAmp!==&apos;undefined&apos;&amp;amp;&amp;amp;isAmp&amp;amp;&amp;amp;typeof window._ezaq!==&apos;undefined&apos;&amp;amp;&amp;amp;_ezaq.hasOwnProperty(&quot;domain_id&quot;)){pixelURL+=&quot;&amp;amp;visit_uuid=&quot;+_ezaq[&apos;visit_uuid&apos;];}&#10;(new Image()).src=pixelURL;}}&#10;pixels=[];}&#10;function getEzimData(adSlot){if(typeof _ezim_d==&quot;undefined&quot;){return false}&#10;var adUnitName=__ez.dot.getAdUnitPath(adSlot).split(&apos;/&apos;).pop();if(typeof _ezim_d===&apos;object&apos;&amp;amp;&amp;amp;_ezim_d.hasOwnProperty(adUnitName)){return _ezim_d[adUnitName];}&#10;for(var ezimKey in _ezim_d){if(ezimKey.split(&apos;/&apos;).pop()===adUnitName){return _ezim_d[ezimKey];}}&#10;return false;}&#10;return{Add:AddPixel,AddAndFire:AddAndFirePixel,AddById:AddPixelById,Fire:Fire,GetPixels:GetCurrentPixels,};})();__ez.queue.addFile(&apos;/detroitchicago/raleigh.js&apos;, &apos;/detroitchicago/raleigh.js?gcb=191-6&amp;amp;cb=1&apos;, false, [], true, false, true, false);__ez.queue.addFile(&apos;/detroitchicago/tampa.js&apos;, &apos;/detroitchicago/tampa.js?gcb=191-6&amp;amp;cb=1&apos;, false, [], true, false, true, false);&lt;/script&gt;&#10;    &lt;script data-ezscrex=&quot;false&quot; type=&quot;text/javascript&quot; data-cfasync=&quot;false&quot;&gt;var _ezaq = {&quot;ad_cache_level&quot;:0,&quot;ad_count_adjustment&quot;:0,&quot;ad_lazyload_version&quot;:0,&quot;ad_location_ids&quot;:&quot;&quot;,&quot;ad_transform_level&quot;:0,&quot;adx_ad_count&quot;:0,&quot;bidder_method&quot;:1,&quot;bidder_version&quot;:3,&quot;city&quot;:&quot;Dublin&quot;,&quot;country&quot;:&quot;IE&quot;,&quot;days_since_last_visit&quot;:-1,&quot;display_ad_count&quot;:0,&quot;domain_id&quot;:133674,&quot;ds_adsize_opt_id&quot;:-1,&quot;engaged_time_visit&quot;:0,&quot;ezcache_level&quot;:1,&quot;forensiq_score&quot;:-1,&quot;form_factor_id&quot;:1,&quot;framework_id&quot;:1,&quot;has_bad_image&quot;:0,&quot;has_bad_words&quot;:0,&quot;iab_category&quot;:&quot;&quot;,&quot;is_from_recommended_pages&quot;:false,&quot;is_return_visitor&quot;:false,&quot;is_sitespeed&quot;:0,&quot;last_page_load&quot;:&quot;&quot;,&quot;last_pageview_id&quot;:&quot;&quot;,&quot;lt_cache_level&quot;:0,&quot;max_ads&quot;:0,&quot;metro_code&quot;:0,&quot;optimization_version&quot;:1,&quot;page_ad_positions&quot;:&quot;&quot;,&quot;page_view_count&quot;:0,&quot;page_view_id&quot;:&quot;04d705e3-945e-4ea2-4c49-424d8fc5934c&quot;,&quot;position_selection_id&quot;:0,&quot;postal_code&quot;:&quot;D02&quot;,&quot;pv_event_count&quot;:0,&quot;response_time_orig&quot;:701,&quot;serverid&quot;:&quot;54.170.201.113:377&quot;,&quot;state&quot;:&quot;L&quot;,&quot;sub_page_ad_positions&quot;:&quot;&quot;,&quot;t_epoch&quot;:1599940634,&quot;template_id&quot;:0,&quot;time_on_site_visit&quot;:0,&quot;url&quot;:&quot;http://dummy.restapiexample.com/api/v1/employee/2982&quot;,&quot;user_id&quot;:0,&quot;word_count&quot;:0,&quot;worst_bad_word_level&quot;:0};var _ezim_d = null;var _ezat = {&quot;domain_id&quot;:133674,&quot;form_factor_id&quot;:1,&quot;framework_id&quot;:1,&quot;pageview_date&quot;:&quot;2020-09-12&quot;,&quot;pageview_id&quot;:&quot;04d705e3-945e-4ea2-4c49-424d8fc5934c&quot;,&quot;template_id&quot;:0,&quot;url&quot;:&quot;http://dummy.restapiexample.com/api/v1/employee/2982&quot;,&quot;visit_uuid&quot;:&quot;44f1a3a1-90c4-47a7-505e-360c9625e1dd&quot;};&lt;/script&gt;&#10;    &lt;script data-ezscrex=&quot;false&quot; data-pagespeed-no-defer=&quot;data-pagespeed-no-defer&quot; data-cfasync=&quot;false&quot; type=&quot;text/javascript&quot;&gt;__ez.queue.addFile(&apos;banger.js&apos;, &apos;/porpoiseant/banger.js?cb=191-6&amp;amp;bv=86&amp;amp;v=35&amp;amp;PageSpeed=off&apos;, true, [], true, false, false, true);&lt;/script&gt;&#10;    &lt;script data-ezscrex=&quot;false&quot; data-cfasync=&quot;false&quot;&gt;(function(){if(&quot;function&quot;===typeof window.CustomEvent)return!1;window.CustomEvent=function(c,a){a=a||{bubbles:!1,cancelable:!1,detail:null};var b=document.createEvent(&quot;CustomEvent&quot;);b.initCustomEvent(c,a.bubbles,a.cancelable,a.detail);return b}})();&lt;/script&gt;&#10;    &lt;script data-ezscrex=&quot;false&quot; data-cfasync=&quot;false&quot;&gt;__ez.queue.addFile(&apos;/detroitchicago/tulsa.js&apos;, &apos;/detroitchicago/tulsa.js?gcb=191-6&amp;amp;cb=2&apos;, false, [], true, false, true, false);&lt;/script&gt;&#10;    &lt;meta name=&quot;viewport&quot; content=&quot;width=device-width, initial-scale=1&quot;/&gt;&#10;    &lt;title&gt;Too Many Requests&lt;/title&gt;&#10;    &lt;link rel=&quot;dns-prefetch&quot; href=&quot;//fonts.gstatic.com&quot;/&gt;&#10;    &lt;link href=&quot;https://fonts.googleapis.com/css?family=Nunito&quot; rel=&quot;stylesheet&quot;/&gt;&#10;    &lt;style&gt;&#10;            html, body {&#10;                background-color: #fff;&#10;                color: #636b6f;&#10;                font-family: &apos;Nunito&apos;, sans-serif;&#10;                font-weight: 100;&#10;                height: 100vh;&#10;                margin: 0;&#10;            }&#10;&#10;            .full-height {&#10;                height: 100vh;&#10;            }&#10;&#10;            .flex-center {&#10;                align-items: center;&#10;                display: flex;&#10;                justify-content: center;&#10;            }&#10;&#10;            .position-ref {&#10;                position: relative;&#10;            }&#10;&#10;            .code {&#10;                border-right: 2px solid;&#10;                font-size: 26px;&#10;                padding: 0 15px 0 15px;&#10;                text-align: center;&#10;            }&#10;&#10;            .message {&#10;                font-size: 18px;&#10;                text-align: center;&#10;            }&#10;        &lt;/style&gt;&#10;    &lt;script data-ezscrex=&quot;false&quot; data-cfasync=&quot;false&quot; type=&quot;text/javascript&quot;&gt;window.google_analytics_uacct = &quot;UA-131129777-14&quot;;&lt;/script&gt;&#10;    &lt;script data-ezscrex=&quot;false&quot; data-cfasync=&quot;false&quot; type=&quot;text/javascript&quot;&gt;&#10;var _gaq = _gaq || [];&#10;_gaq.push([&apos;e._setAccount&apos;, &apos;UA-131129777-14&apos;]);&#10;_gaq.push([&apos;f._setAccount&apos;, &apos;UA-38339005-1&apos;]);&#10;_gaq.push([&apos;e._setDomainName&apos;, &apos;restapiexample.com&apos;]);&#10;_gaq.push([&apos;f._setDomainName&apos;, &apos;restapiexample.com&apos;]);&#10;_gaq.push([&apos;e._setCustomVar&apos;,1,&apos;template&apos;,&apos;pub_site_noads&apos;,3]);&#10;_gaq.push([&apos;e._setCustomVar&apos;,2,&apos;t&apos;,&apos;147&apos;,3]);&#10;_gaq.push([&apos;e._setCustomVar&apos;,3,&apos;rid&apos;,&apos;0&apos;,2]);&#10;_gaq.push([&apos;e._setCustomVar&apos;,4,&apos;bra&apos;,&apos;mod1&apos;,3]);&#10;_gaq.push([&apos;e._setAllowAnchor&apos;,true]);&#10;_gaq.push([&apos;e._setSiteSpeedSampleRate&apos;, 10]);&#10;_gaq.push([&apos;f._setCustomVar&apos;,1,&apos;template&apos;,&apos;pub_site_noads&apos;,3]);&#10;_gaq.push([&apos;f._setCustomVar&apos;,2,&apos;domain&apos;,&apos;restapiexample.com&apos;,3]);&#10;_gaq.push([&apos;f._setSiteSpeedSampleRate&apos;, 20]);&#10;_gaq.push([&apos;e._trackPageview&apos;]);&#10;_gaq.push([&apos;f._trackPageview&apos;]);&#10;&#10;&#10;(function() {&#10; var ga = document.createElement(&apos;script&apos;); ga.type = &apos;text/javascript&apos;; ga.async = true;&#10; ga.src = (&apos;https:&apos; == document.location.protocol ? &apos;https://ssl&apos; : &apos;http://www&apos;) + &apos;.google-analytics.com/ga.js&apos;;&#10; var s = document.getElementsByTagName(&apos;script&apos;)[0]; s.parentNode.insertBefore(ga, s);&#10;})();&#10;&lt;/script&gt;&#10;    &lt;script type=&quot;text/javascript&quot;&gt;var ezouid = &quot;1&quot;;&lt;/script&gt;&#10;    &lt;base href=&quot;http://dummy.restapiexample.com/api/v1/employee/2982&quot;/&gt;&#10;    &lt;script type=&quot;text/javascript&quot;&gt;&#10;var ezoTemplate = &apos;pub_site_noads&apos;;&#10;if(typeof ezouid == &apos;undefined&apos;)&#10;{&#10;    var ezouid = &apos;none&apos;;&#10;}&#10;var ezoFormfactor = &apos;1&apos;;&#10;var ezo_elements_to_check = Array();&#10;&lt;/script&gt;&#10;    &lt;script data-ezscrex=&quot;false&quot; type=&quot;text/javascript&quot;&gt;&#10;var soc_app_id = &apos;0&apos;;&#10;var did = 133674;&#10;var ezdomain = &apos;restapiexample.com&apos;;&#10;var ezoicSearchable = 1;&#10;&lt;/script&gt;&#10;    &lt;script data-ezscrex=&quot;false&quot; data-pagespeed-no-defer=&quot;data-pagespeed-no-defer&quot; data-cfasync=&quot;false&quot;&gt;&#10;function create_ezolpl(pvID, rv) {&#10;    var d = new Date();&#10;    d.setTime(d.getTime() + (365*24*60*60*1000));&#10;    var expires = &quot;expires=&quot;+d.toUTCString();&#10;    __ez.ck.setByCat(&quot;ezux_lpl_133674=&quot; + new Date().getTime() + &quot;|&quot; + pvID + &quot;|&quot; + rv + &quot;; &quot; + expires, 3);&#10;}&#10;function attach_ezolpl(pvID, rv) {&#10;    if (document.readyState === &quot;complete&quot;) {&#10;        create_ezolpl(pvID, rv);&#10;    }&#10;    if(window.attachEvent) {&#10;        window.attachEvent(&quot;onload&quot;, create_ezolpl, pvID, rv);&#10;    } else {&#10;        if(window.onload) {&#10;            var curronload = window.onload;&#10;            var newonload = function(evt) {&#10;                curronload(evt);&#10;                create_ezolpl(pvID, rv);&#10;            };&#10;            window.onload = newonload;&#10;        } else {&#10;            window.onload = create_ezolpl.bind(null, pvID, rv);&#10;        }&#10;    }&#10;}&#10;&#10;__ez.queue.addFunc(&quot;attach_ezolpl&quot;, &quot;attach_ezolpl&quot;, [&quot;04d705e3-945e-4ea2-4c49-424d8fc5934c&quot;, &quot;false&quot;], false, [&apos;/detroitchicago/boise.js&apos;], true, false, false, false);&#10;&lt;/script&gt;&#10;  &lt;/head&gt;&#10;  &lt;body&gt;&#10;    &lt;div class=&quot;flex-center position-ref full-height&quot;&gt;&#10;      &lt;div class=&quot;code&quot;&gt;&#10;                429            &lt;/div&gt;&#10;      &lt;div class=&quot;message&quot; style=&quot;padding: 10px;&quot;&gt;&#10;                Too Many Requests            &lt;/div&gt;&#10;    &lt;/div&gt;&#10;    &lt;script type=&quot;text/javascript&quot; style=&quot;display:none;&quot;&gt;var __ez_dims = (function() {&#10;		var setCookie = function( name, content, expiry ) {&#10;			return document.cookie = name+&apos;=&apos;+content+((expiry)?&apos;;expires=&apos;+(new Date(Math.floor(new Date().getTime()+expiry*1000)).toUTCString()):&apos;&apos;)+&apos;;path=/&apos;;&#10;		};&#10;		var ffid = 1;&#10;		var oh = window.screen.height;&#10;		var ow = window.screen.width;&#10;		var h = ffid === 1 ? oh : (oh &amp;gt; ow) ? oh : ow;&#10;		var w = ffid === 1 ? ow : (oh &amp;gt; ow) ? ow : oh;&#10;		var uh = window.innerHeight || document.documentElement.clientHeight || document.getElementsByTagName(&apos;body&apos;)[0].clientHeight;&#10;		var uw = window.innerWidth || document.documentElement.clientWidth || document.getElementsByTagName(&apos;body&apos;)[0].clientWidth;&#10;		setCookie(&apos;ezds&apos;, encodeURIComponent(&apos;ffid=&apos;+ffid+&apos;,w=&apos;+w+&apos;,h=&apos;+h), (31536e3*7));&#10;		setCookie(&apos;ezohw&apos;, encodeURIComponent(&apos;w=&apos;+uw+&apos;,h=&apos;+uh), (31536e3*7));&#10;	})();&lt;/script&gt;&#10;    &lt;script type=&quot;text/javascript&quot; style=&quot;display:none;&quot; async=&quot;async&quot;&gt;&#10;__ez.queue.addFile(&apos;edmonton.php&apos;, &apos;/detroitchicago/edmonton.webp?a=a&amp;amp;cb=191-6&amp;amp;shcb=34&apos;, true, [&apos;/detroitchicago/minneapolis.js&apos;], true, false, false, false);&#10;__ez.queue.addFile(&apos;jellyfish.php&apos;, &apos;/porpoiseant/jellyfish.webp?a=a&amp;amp;cb=191-6&amp;amp;shcb=34&apos;, false, [], true, false, false, false);&#10;&lt;/script&gt;&#10;    &lt;script type=&quot;text/javascript&quot; data-cfasync=&quot;false&quot;/&gt;&#10;  &lt;/body&gt;&#10;&lt;/html&gt;" type="cucumber.runtime.CucumberException"><![CDATA[cucumber.runtime.CucumberException: 
java.lang.AssertionError: Expected Status code = 200 but Status code = 429 was found instead...
Body coming from backend is--><html lang="en">
  <head>
    <meta charset="utf-8"/>
    <script data-ezscrex="false" data-cfasync="false" data-pagespeed-no-defer="data-pagespeed-no-defer">var __ez=__ez||{};__ez.stms=Date.now();__ez.evt={};__ez.script={};__ez.ck=__ez.ck||{};__ez.template={};__ez.template.isOrig=false;__ez.queue=(function(){var count=0,incr=0,items=[],timeDelayFired=false,hpItems=[],lpItems=[],allowLoad=true;var obj={func:function(name,funcName,parameters,isBlock,blockedBy,deleteWhenComplete,proceedIfError){var self=this;this.name=name;this.funcName=funcName;this.parameters=parameters===null?null:(parameters instanceof Array)?parameters:[parameters];this.isBlock=isBlock;this.blockedBy=blockedBy;this.deleteWhenComplete=deleteWhenComplete;this.isError=false;this.isComplete=false;this.isInitialized=false;this.proceedIfError=proceedIfError;this.isTimeDelay=false;this.process=function(){log("... func = "+name);self.isInitialized=true;self.isComplete=true;log("... func.apply: "+name);var funcs=self.funcName.split('.');var func=null;if(funcs.length&gt;3){}else if(funcs.length===3){func=window[funcs[0]][funcs[1]][funcs[2]];}else if(funcs.length===2){func=window[funcs[0]][funcs[1]];}else{func=window[self.funcName];}
if(typeof func!=='undefined'&amp;&amp;func!==null){func.apply(null,this.parameters);}
if(self.deleteWhenComplete===true)delete items[name];if(self.isBlock===true){log("----- F'D: "+self.name);processAll();}}},file:function(name,path,isBlock,blockedBy,async,defer,proceedIfError){var self=this;this.name=name;this.path=path;this.async=async;this.defer=defer;this.isBlock=isBlock;this.blockedBy=blockedBy;this.isInitialized=false;this.isError=false;this.isComplete=false;this.proceedIfError=proceedIfError;this.isTimeDelay=false;this.process=function(){self.isInitialized=true;log("... file = "+name);var scr=document.createElement('script');scr.src=path;if(async===true)scr.async=true;else if(defer===true)scr.defer=true;scr.onerror=function(){log("----- ERR'D: "+self.name);self.isError=true;if(self.isBlock===true){processAll();}};scr.onreadystatechange=scr.onload=function(){var state=scr.readyState;log("----- F'D: "+self.name);if((!state||/loaded|complete/.test(state))){self.isComplete=true;if(self.isBlock===true){processAll();}}};document.getElementsByTagName('head')[0].appendChild(scr);}}};function init(){window.addEventListener("load",function(){setTimeout(function(){timeDelayFired=true;log('TDELAY -----');processAll();},5000);},false);}
function addFile(name,path,isBlock,blockedBy,async,defer,proceedIfError,priority){var item=new obj.file(name,path,isBlock,blockedBy,async,defer,proceedIfError);if(priority===true){hpItems[name]=item}else{lpItems[name]=item}
items[name]=item;checkIfBlocked(item);}
function setallowLoad(settobool){allowLoad=settobool}
function addFunc(name,func,parameters,isBlock,blockedBy,autoInc,deleteWhenComplete,proceedIfError,priority){if(autoInc===true)name=name+"_"+incr++;var item=new obj.func(name,func,parameters,isBlock,blockedBy,deleteWhenComplete,proceedIfError);if(priority===true){hpItems[name]=item}else{lpItems[name]=item}
items[name]=item;checkIfBlocked(item);}
function addTimeDelayFile(name,path){var item=new obj.file(name,path,false,[],false,false,true);item.isTimeDelay=true;log(name+' ... '+' FILE! TDELAY');lpItems[name]=item;items[name]=item;checkIfBlocked(item);}
function addTimeDelayFunc(name,func,parameters){var item=new obj.func(name,func,parameters,false,[],true,true);item.isTimeDelay=true;log(name+' ... '+' FUNCTION! TDELAY');lpItems[name]=item;items[name]=item;checkIfBlocked(item);}
function checkIfBlocked(item){if(isBlocked(item)===true||allowLoad==false)return;item.process();}
function isBlocked(item){if(item.isTimeDelay===true&amp;&amp;timeDelayFired===false){log(item.name+" blocked = TIME DELAY!");return true;}
if(item.blockedBy instanceof Array){for(var i=0;i&lt;item.blockedBy.length;i++){var block=item.blockedBy[i];if(items.hasOwnProperty(block)===false){log(item.name+" blocked = "+block);return true;}else if(item.proceedIfError===true&amp;&amp;items[block].isError===true){return false;}else if(items[block].isComplete===false){log(item.name+" blocked = "+block);return true;}}}
return false;}
function log(msg){var href=window.location.href;var reg=new RegExp('[?&amp;]ezq=([^&amp;#]*)','i');var string=reg.exec(href);var res=string?string[1]:null;if(res==="1")console.debug(msg);}
function processAll(){count++;if(count&gt;200)return;log("let's go");processItems(hpItems);processItems(lpItems);}
function processItems(list){for(var i in list){if(list.hasOwnProperty(i)===false)continue;var item=list[i];if(item.isComplete===true||isBlocked(item)||item.isInitialized===true||item.isError===true){if(item.isError===true){log(item.name+': error')}else if(item.isComplete===true){log(item.name+': complete already')}else if(item.isInitialized===true){log(item.name+': initialized already')}}else{item.process();}}}
init();return{addFile:addFile,addDelayFile:addTimeDelayFile,addFunc:addFunc,addDelayFunc:addTimeDelayFunc,items:items,processAll:processAll,setallowLoad:setallowLoad};})();__ez.evt.add=function(e,t,n){e.addEventListener?e.addEventListener(t,n,!1):e.attachEvent?e.attachEvent("on"+t,n):e["on"+t]=n()},__ez.evt.remove=function(e,t,n){e.removeEventListener?e.removeEventListener(t,n,!1):e.detachEvent?e.detachEvent("on"+t,n):delete e["on"+t]};__ez.script.add=function(e){var t=document.createElement("script");t.src=e,t.async=!0,t.type="text/javascript",document.getElementsByTagName("head")[0].appendChild(t)};__ez.queue.addFile('/detroitchicago/boise.js', '/detroitchicago/boise.js?gcb=191-6&amp;cb=1', false, [], true, false, true, false);__ez.dot={};__ez.queue.addFile('/detroitchicago/memphis.js', '/detroitchicago/memphis.js?gcb=191-6&amp;cb=1', false, [], true, false, true, false);__ez.queue.addFile('/detroitchicago/minneapolis.js', '/detroitchicago/minneapolis.js?gcb=191-6&amp;cb=1', false, [], true, false, true, false);__ez.vep=(function(){var pixels=[],pxURL="/detroitchicago/grapefruit.gif";function AddPixel(vID,pixelData){if(__ez.dot.isDefined(vID)&amp;&amp;__ez.dot.isValid(pixelData)){pixels.push({type:'video',video_impression_id:vID,domain_id:__ez.dot.getDID(),t_epoch:__ez.dot.getEpoch(0),data:__ez.dot.dataToStr(pixelData)});}}
function Fire(){if(typeof document.visibilityState!=='undefined'&amp;&amp;document.visibilityState==="prerender"){return;}
if(__ez.dot.isDefined(pixels)&amp;&amp;pixels.length&gt;0){while(pixels.length&gt;0){var j=5;if(j&gt;pixels.length){j=pixels.length;}
var pushPixels=pixels.splice(0,j);(new Image()).src=__ez.dot.getURL(pxURL)+"?orig="+(__ez.template.isOrig===true?1:0)+"&amp;v="+btoa(JSON.stringify(pushPixels));}}
pixels=[];}
return{Add:AddPixel,Fire:Fire};})();</script>
    <script data-ezscrex="false" data-cfasync="false" data-pagespeed-no-defer="data-pagespeed-no-defer">__ez.pel=(function(){var pixels=[],pxURL="/porpoiseant/army.gif";function AddAndFirePixel(adSlot,pixelData){AddPixel(adSlot,pixelData,0,0,0,0,0);Fire();}
function GetCurrentPixels(){return pixels;}
function AddPixel(adSlot,pixelData,revenue,est_revenue,bid_floor_filled,bid_floor_prev,stat_source_id){if(!__ez.dot.isDefined(adSlot)||__ez.dot.isAnyDefined(adSlot.getSlotElementId,adSlot.ElementId)==false){return;}
var ad_position_id=parseInt(__ez.dot.getTargeting(adSlot,'ap'));var impId=__ez.dot.getSlotIID(adSlot),adUnit=__ez.dot.getAdUnit(adSlot);var compId=parseInt(__ez.dot.getTargeting(adSlot,"compid"));var lineItemId=0;var creativeId=0;var ezimData=getEzimData(adSlot);if(typeof ezimData=='object'){if(ezimData.creative_id!==undefined){creativeId=ezimData.creative_id;}
if(ezimData.line_item_id!==undefined){lineItemId=ezimData.line_item_id;}}
if(__ez.dot.isDefined(impId,adUnit)&amp;&amp;__ez.dot.isValid(pixelData)){pixels.push({type:"impression",impression_id:impId,domain_id:__ez.dot.getDID(),unit:adUnit,t_epoch:__ez.dot.getEpoch(0),revenue:revenue,est_revenue:est_revenue,ad_position:ad_position_id,ad_size:"",bid_floor_filled:bid_floor_filled,bid_floor_prev:bid_floor_prev,stat_source_id:stat_source_id,country_code:__ez.dot.getCC(),pageview_id:__ez.dot.getPageviewId(),comp_id:compId,line_item_id:lineItemId,creative_id:creativeId,data:__ez.dot.dataToStr(pixelData)});}}
function AddPixelById(impFullId,pixelData){var vals=impFullId.split('/');if(__ez.dot.isDefined(impFullId)&amp;&amp;vals.length===3&amp;&amp;__ez.dot.isValid(pixelData)){var adUnit=vals[0],impId=vals[2];pixels.push({type:"impression",impression_id:impId,domain_id:__ez.dot.getDID(),unit:adUnit,t_epoch:__ez.dot.getEpoch(0),pageview_id:__ez.dot.getPageviewId(),data:__ez.dot.dataToStr(pixelData)});}}
function Fire(){if(typeof document.visibilityState!=='undefined'&amp;&amp;document.visibilityState==="prerender")return;if(__ez.dot.isDefined(pixels)&amp;&amp;pixels.length&gt;0){while(pixels.length&gt;0){var j=5;if(j&gt;pixels.length){j=pixels.length;}
var pushPixels=pixels.splice(0,j);var pixelURL=__ez.dot.getURL(pxURL)+"?orig="+(__ez.template.isOrig===true?1:0)+"&amp;sts="+btoa(JSON.stringify(pushPixels));if(typeof window.isAmp!=='undefined'&amp;&amp;isAmp&amp;&amp;typeof window._ezaq!=='undefined'&amp;&amp;_ezaq.hasOwnProperty("domain_id")){pixelURL+="&amp;visit_uuid="+_ezaq['visit_uuid'];}
(new Image()).src=pixelURL;}}
pixels=[];}
function getEzimData(adSlot){if(typeof _ezim_d=="undefined"){return false}
var adUnitName=__ez.dot.getAdUnitPath(adSlot).split('/').pop();if(typeof _ezim_d==='object'&amp;&amp;_ezim_d.hasOwnProperty(adUnitName)){return _ezim_d[adUnitName];}
for(var ezimKey in _ezim_d){if(ezimKey.split('/').pop()===adUnitName){return _ezim_d[ezimKey];}}
return false;}
return{Add:AddPixel,AddAndFire:AddAndFirePixel,AddById:AddPixelById,Fire:Fire,GetPixels:GetCurrentPixels,};})();__ez.queue.addFile('/detroitchicago/raleigh.js', '/detroitchicago/raleigh.js?gcb=191-6&amp;cb=1', false, [], true, false, true, false);__ez.queue.addFile('/detroitchicago/tampa.js', '/detroitchicago/tampa.js?gcb=191-6&amp;cb=1', false, [], true, false, true, false);</script>
    <script data-ezscrex="false" type="text/javascript" data-cfasync="false">var _ezaq = {"ad_cache_level":0,"ad_count_adjustment":0,"ad_lazyload_version":0,"ad_location_ids":"","ad_transform_level":0,"adx_ad_count":0,"bidder_method":1,"bidder_version":3,"city":"Dublin","country":"IE","days_since_last_visit":-1,"display_ad_count":0,"domain_id":133674,"ds_adsize_opt_id":-1,"engaged_time_visit":0,"ezcache_level":1,"forensiq_score":-1,"form_factor_id":1,"framework_id":1,"has_bad_image":0,"has_bad_words":0,"iab_category":"","is_from_recommended_pages":false,"is_return_visitor":false,"is_sitespeed":0,"last_page_load":"","last_pageview_id":"","lt_cache_level":0,"max_ads":0,"metro_code":0,"optimization_version":1,"page_ad_positions":"","page_view_count":0,"page_view_id":"04d705e3-945e-4ea2-4c49-424d8fc5934c","position_selection_id":0,"postal_code":"D02","pv_event_count":0,"response_time_orig":701,"serverid":"54.170.201.113:377","state":"L","sub_page_ad_positions":"","t_epoch":1599940634,"template_id":0,"time_on_site_visit":0,"url":"http://dummy.restapiexample.com/api/v1/employee/2982","user_id":0,"word_count":0,"worst_bad_word_level":0};var _ezim_d = null;var _ezat = {"domain_id":133674,"form_factor_id":1,"framework_id":1,"pageview_date":"2020-09-12","pageview_id":"04d705e3-945e-4ea2-4c49-424d8fc5934c","template_id":0,"url":"http://dummy.restapiexample.com/api/v1/employee/2982","visit_uuid":"44f1a3a1-90c4-47a7-505e-360c9625e1dd"};</script>
    <script data-ezscrex="false" data-pagespeed-no-defer="data-pagespeed-no-defer" data-cfasync="false" type="text/javascript">__ez.queue.addFile('banger.js', '/porpoiseant/banger.js?cb=191-6&amp;bv=86&amp;v=35&amp;PageSpeed=off', true, [], true, false, false, true);</script>
    <script data-ezscrex="false" data-cfasync="false">(function(){if("function"===typeof window.CustomEvent)return!1;window.CustomEvent=function(c,a){a=a||{bubbles:!1,cancelable:!1,detail:null};var b=document.createEvent("CustomEvent");b.initCustomEvent(c,a.bubbles,a.cancelable,a.detail);return b}})();</script>
    <script data-ezscrex="false" data-cfasync="false">__ez.queue.addFile('/detroitchicago/tulsa.js', '/detroitchicago/tulsa.js?gcb=191-6&amp;cb=2', false, [], true, false, true, false);</script>
    <meta name="viewport" content="width=device-width, initial-scale=1"/>
    <title>Too Many Requests</title>
    <link rel="dns-prefetch" href="//fonts.gstatic.com"/>
    <link href="https://fonts.googleapis.com/css?family=Nunito" rel="stylesheet"/>
    <style>
            html, body {
                background-color: #fff;
                color: #636b6f;
                font-family: 'Nunito', sans-serif;
                font-weight: 100;
                height: 100vh;
                margin: 0;
            }

            .full-height {
                height: 100vh;
            }

            .flex-center {
                align-items: center;
                display: flex;
                justify-content: center;
            }

            .position-ref {
                position: relative;
            }

            .code {
                border-right: 2px solid;
                font-size: 26px;
                padding: 0 15px 0 15px;
                text-align: center;
            }

            .message {
                font-size: 18px;
                text-align: center;
            }
        </style>
    <script data-ezscrex="false" data-cfasync="false" type="text/javascript">window.google_analytics_uacct = "UA-131129777-14";</script>
    <script data-ezscrex="false" data-cfasync="false" type="text/javascript">
var _gaq = _gaq || [];
_gaq.push(['e._setAccount', 'UA-131129777-14']);
_gaq.push(['f._setAccount', 'UA-38339005-1']);
_gaq.push(['e._setDomainName', 'restapiexample.com']);
_gaq.push(['f._setDomainName', 'restapiexample.com']);
_gaq.push(['e._setCustomVar',1,'template','pub_site_noads',3]);
_gaq.push(['e._setCustomVar',2,'t','147',3]);
_gaq.push(['e._setCustomVar',3,'rid','0',2]);
_gaq.push(['e._setCustomVar',4,'bra','mod1',3]);
_gaq.push(['e._setAllowAnchor',true]);
_gaq.push(['e._setSiteSpeedSampleRate', 10]);
_gaq.push(['f._setCustomVar',1,'template','pub_site_noads',3]);
_gaq.push(['f._setCustomVar',2,'domain','restapiexample.com',3]);
_gaq.push(['f._setSiteSpeedSampleRate', 20]);
_gaq.push(['e._trackPageview']);
_gaq.push(['f._trackPageview']);


(function() {
 var ga = document.createElement('script'); ga.type = 'text/javascript'; ga.async = true;
 ga.src = ('https:' == document.location.protocol ? 'https://ssl' : 'http://www') + '.google-analytics.com/ga.js';
 var s = document.getElementsByTagName('script')[0]; s.parentNode.insertBefore(ga, s);
})();
</script>
    <script type="text/javascript">var ezouid = "1";</script>
    <base href="http://dummy.restapiexample.com/api/v1/employee/2982"/>
    <script type="text/javascript">
var ezoTemplate = 'pub_site_noads';
if(typeof ezouid == 'undefined')
{
    var ezouid = 'none';
}
var ezoFormfactor = '1';
var ezo_elements_to_check = Array();
</script>
    <script data-ezscrex="false" type="text/javascript">
var soc_app_id = '0';
var did = 133674;
var ezdomain = 'restapiexample.com';
var ezoicSearchable = 1;
</script>
    <script data-ezscrex="false" data-pagespeed-no-defer="data-pagespeed-no-defer" data-cfasync="false">
function create_ezolpl(pvID, rv) {
    var d = new Date();
    d.setTime(d.getTime() + (365*24*60*60*1000));
    var expires = "expires="+d.toUTCString();
    __ez.ck.setByCat("ezux_lpl_133674=" + new Date().getTime() + "|" + pvID + "|" + rv + "; " + expires, 3);
}
function attach_ezolpl(pvID, rv) {
    if (document.readyState === "complete") {
        create_ezolpl(pvID, rv);
    }
    if(window.attachEvent) {
        window.attachEvent("onload", create_ezolpl, pvID, rv);
    } else {
        if(window.onload) {
            var curronload = window.onload;
            var newonload = function(evt) {
                curronload(evt);
                create_ezolpl(pvID, rv);
            };
            window.onload = newonload;
        } else {
            window.onload = create_ezolpl.bind(null, pvID, rv);
        }
    }
}

__ez.queue.addFunc("attach_ezolpl", "attach_ezolpl", ["04d705e3-945e-4ea2-4c49-424d8fc5934c", "false"], false, ['/detroitchicago/boise.js'], true, false, false, false);
</script>
  </head>
  <body>
    <div class="flex-center position-ref full-height">
      <div class="code">
                429            </div>
      <div class="message" style="padding: 10px;">
                Too Many Requests            </div>
    </div>
    <script type="text/javascript" style="display:none;">var __ez_dims = (function() {
		var setCookie = function( name, content, expiry ) {
			return document.cookie = name+'='+content+((expiry)?';expires='+(new Date(Math.floor(new Date().getTime()+expiry*1000)).toUTCString()):'')+';path=/';
		};
		var ffid = 1;
		var oh = window.screen.height;
		var ow = window.screen.width;
		var h = ffid === 1 ? oh : (oh &gt; ow) ? oh : ow;
		var w = ffid === 1 ? ow : (oh &gt; ow) ? ow : oh;
		var uh = window.innerHeight || document.documentElement.clientHeight || document.getElementsByTagName('body')[0].clientHeight;
		var uw = window.innerWidth || document.documentElement.clientWidth || document.getElementsByTagName('body')[0].clientWidth;
		setCookie('ezds', encodeURIComponent('ffid='+ffid+',w='+w+',h='+h), (31536e3*7));
		setCookie('ezohw', encodeURIComponent('w='+uw+',h='+uh), (31536e3*7));
	})();</script>
    <script type="text/javascript" style="display:none;" async="async">
__ez.queue.addFile('edmonton.php', '/detroitchicago/edmonton.webp?a=a&amp;cb=191-6&amp;shcb=34', true, ['/detroitchicago/minneapolis.js'], true, false, false, false);
__ez.queue.addFile('jellyfish.php', '/porpoiseant/jellyfish.webp?a=a&amp;cb=191-6&amp;shcb=34', false, [], true, false, false, false);
</script>
    <script type="text/javascript" data-cfasync="false"/>
  </body>
</html>
	at testRunnerFile.TestRunner.feature(TestRunner.java:29)
Caused by: java.lang.AssertionError: 
Expected Status code = 200 but Status code = 429 was found instead...
Body coming from backend is--><html lang="en">
  <head>
    <meta charset="utf-8"/>
    <script data-ezscrex="false" data-cfasync="false" data-pagespeed-no-defer="data-pagespeed-no-defer">var __ez=__ez||{};__ez.stms=Date.now();__ez.evt={};__ez.script={};__ez.ck=__ez.ck||{};__ez.template={};__ez.template.isOrig=false;__ez.queue=(function(){var count=0,incr=0,items=[],timeDelayFired=false,hpItems=[],lpItems=[],allowLoad=true;var obj={func:function(name,funcName,parameters,isBlock,blockedBy,deleteWhenComplete,proceedIfError){var self=this;this.name=name;this.funcName=funcName;this.parameters=parameters===null?null:(parameters instanceof Array)?parameters:[parameters];this.isBlock=isBlock;this.blockedBy=blockedBy;this.deleteWhenComplete=deleteWhenComplete;this.isError=false;this.isComplete=false;this.isInitialized=false;this.proceedIfError=proceedIfError;this.isTimeDelay=false;this.process=function(){log("... func = "+name);self.isInitialized=true;self.isComplete=true;log("... func.apply: "+name);var funcs=self.funcName.split('.');var func=null;if(funcs.length&gt;3){}else if(funcs.length===3){func=window[funcs[0]][funcs[1]][funcs[2]];}else if(funcs.length===2){func=window[funcs[0]][funcs[1]];}else{func=window[self.funcName];}
if(typeof func!=='undefined'&amp;&amp;func!==null){func.apply(null,this.parameters);}
if(self.deleteWhenComplete===true)delete items[name];if(self.isBlock===true){log("----- F'D: "+self.name);processAll();}}},file:function(name,path,isBlock,blockedBy,async,defer,proceedIfError){var self=this;this.name=name;this.path=path;this.async=async;this.defer=defer;this.isBlock=isBlock;this.blockedBy=blockedBy;this.isInitialized=false;this.isError=false;this.isComplete=false;this.proceedIfError=proceedIfError;this.isTimeDelay=false;this.process=function(){self.isInitialized=true;log("... file = "+name);var scr=document.createElement('script');scr.src=path;if(async===true)scr.async=true;else if(defer===true)scr.defer=true;scr.onerror=function(){log("----- ERR'D: "+self.name);self.isError=true;if(self.isBlock===true){processAll();}};scr.onreadystatechange=scr.onload=function(){var state=scr.readyState;log("----- F'D: "+self.name);if((!state||/loaded|complete/.test(state))){self.isComplete=true;if(self.isBlock===true){processAll();}}};document.getElementsByTagName('head')[0].appendChild(scr);}}};function init(){window.addEventListener("load",function(){setTimeout(function(){timeDelayFired=true;log('TDELAY -----');processAll();},5000);},false);}
function addFile(name,path,isBlock,blockedBy,async,defer,proceedIfError,priority){var item=new obj.file(name,path,isBlock,blockedBy,async,defer,proceedIfError);if(priority===true){hpItems[name]=item}else{lpItems[name]=item}
items[name]=item;checkIfBlocked(item);}
function setallowLoad(settobool){allowLoad=settobool}
function addFunc(name,func,parameters,isBlock,blockedBy,autoInc,deleteWhenComplete,proceedIfError,priority){if(autoInc===true)name=name+"_"+incr++;var item=new obj.func(name,func,parameters,isBlock,blockedBy,deleteWhenComplete,proceedIfError);if(priority===true){hpItems[name]=item}else{lpItems[name]=item}
items[name]=item;checkIfBlocked(item);}
function addTimeDelayFile(name,path){var item=new obj.file(name,path,false,[],false,false,true);item.isTimeDelay=true;log(name+' ... '+' FILE! TDELAY');lpItems[name]=item;items[name]=item;checkIfBlocked(item);}
function addTimeDelayFunc(name,func,parameters){var item=new obj.func(name,func,parameters,false,[],true,true);item.isTimeDelay=true;log(name+' ... '+' FUNCTION! TDELAY');lpItems[name]=item;items[name]=item;checkIfBlocked(item);}
function checkIfBlocked(item){if(isBlocked(item)===true||allowLoad==false)return;item.process();}
function isBlocked(item){if(item.isTimeDelay===true&amp;&amp;timeDelayFired===false){log(item.name+" blocked = TIME DELAY!");return true;}
if(item.blockedBy instanceof Array){for(var i=0;i&lt;item.blockedBy.length;i++){var block=item.blockedBy[i];if(items.hasOwnProperty(block)===false){log(item.name+" blocked = "+block);return true;}else if(item.proceedIfError===true&amp;&amp;items[block].isError===true){return false;}else if(items[block].isComplete===false){log(item.name+" blocked = "+block);return true;}}}
return false;}
function log(msg){var href=window.location.href;var reg=new RegExp('[?&amp;]ezq=([^&amp;#]*)','i');var string=reg.exec(href);var res=string?string[1]:null;if(res==="1")console.debug(msg);}
function processAll(){count++;if(count&gt;200)return;log("let's go");processItems(hpItems);processItems(lpItems);}
function processItems(list){for(var i in list){if(list.hasOwnProperty(i)===false)continue;var item=list[i];if(item.isComplete===true||isBlocked(item)||item.isInitialized===true||item.isError===true){if(item.isError===true){log(item.name+': error')}else if(item.isComplete===true){log(item.name+': complete already')}else if(item.isInitialized===true){log(item.name+': initialized already')}}else{item.process();}}}
init();return{addFile:addFile,addDelayFile:addTimeDelayFile,addFunc:addFunc,addDelayFunc:addTimeDelayFunc,items:items,processAll:processAll,setallowLoad:setallowLoad};})();__ez.evt.add=function(e,t,n){e.addEventListener?e.addEventListener(t,n,!1):e.attachEvent?e.attachEvent("on"+t,n):e["on"+t]=n()},__ez.evt.remove=function(e,t,n){e.removeEventListener?e.removeEventListener(t,n,!1):e.detachEvent?e.detachEvent("on"+t,n):delete e["on"+t]};__ez.script.add=function(e){var t=document.createElement("script");t.src=e,t.async=!0,t.type="text/javascript",document.getElementsByTagName("head")[0].appendChild(t)};__ez.queue.addFile('/detroitchicago/boise.js', '/detroitchicago/boise.js?gcb=191-6&amp;cb=1', false, [], true, false, true, false);__ez.dot={};__ez.queue.addFile('/detroitchicago/memphis.js', '/detroitchicago/memphis.js?gcb=191-6&amp;cb=1', false, [], true, false, true, false);__ez.queue.addFile('/detroitchicago/minneapolis.js', '/detroitchicago/minneapolis.js?gcb=191-6&amp;cb=1', false, [], true, false, true, false);__ez.vep=(function(){var pixels=[],pxURL="/detroitchicago/grapefruit.gif";function AddPixel(vID,pixelData){if(__ez.dot.isDefined(vID)&amp;&amp;__ez.dot.isValid(pixelData)){pixels.push({type:'video',video_impression_id:vID,domain_id:__ez.dot.getDID(),t_epoch:__ez.dot.getEpoch(0),data:__ez.dot.dataToStr(pixelData)});}}
function Fire(){if(typeof document.visibilityState!=='undefined'&amp;&amp;document.visibilityState==="prerender"){return;}
if(__ez.dot.isDefined(pixels)&amp;&amp;pixels.length&gt;0){while(pixels.length&gt;0){var j=5;if(j&gt;pixels.length){j=pixels.length;}
var pushPixels=pixels.splice(0,j);(new Image()).src=__ez.dot.getURL(pxURL)+"?orig="+(__ez.template.isOrig===true?1:0)+"&amp;v="+btoa(JSON.stringify(pushPixels));}}
pixels=[];}
return{Add:AddPixel,Fire:Fire};})();</script>
    <script data-ezscrex="false" data-cfasync="false" data-pagespeed-no-defer="data-pagespeed-no-defer">__ez.pel=(function(){var pixels=[],pxURL="/porpoiseant/army.gif";function AddAndFirePixel(adSlot,pixelData){AddPixel(adSlot,pixelData,0,0,0,0,0);Fire();}
function GetCurrentPixels(){return pixels;}
function AddPixel(adSlot,pixelData,revenue,est_revenue,bid_floor_filled,bid_floor_prev,stat_source_id){if(!__ez.dot.isDefined(adSlot)||__ez.dot.isAnyDefined(adSlot.getSlotElementId,adSlot.ElementId)==false){return;}
var ad_position_id=parseInt(__ez.dot.getTargeting(adSlot,'ap'));var impId=__ez.dot.getSlotIID(adSlot),adUnit=__ez.dot.getAdUnit(adSlot);var compId=parseInt(__ez.dot.getTargeting(adSlot,"compid"));var lineItemId=0;var creativeId=0;var ezimData=getEzimData(adSlot);if(typeof ezimData=='object'){if(ezimData.creative_id!==undefined){creativeId=ezimData.creative_id;}
if(ezimData.line_item_id!==undefined){lineItemId=ezimData.line_item_id;}}
if(__ez.dot.isDefined(impId,adUnit)&amp;&amp;__ez.dot.isValid(pixelData)){pixels.push({type:"impression",impression_id:impId,domain_id:__ez.dot.getDID(),unit:adUnit,t_epoch:__ez.dot.getEpoch(0),revenue:revenue,est_revenue:est_revenue,ad_position:ad_position_id,ad_size:"",bid_floor_filled:bid_floor_filled,bid_floor_prev:bid_floor_prev,stat_source_id:stat_source_id,country_code:__ez.dot.getCC(),pageview_id:__ez.dot.getPageviewId(),comp_id:compId,line_item_id:lineItemId,creative_id:creativeId,data:__ez.dot.dataToStr(pixelData)});}}
function AddPixelById(impFullId,pixelData){var vals=impFullId.split('/');if(__ez.dot.isDefined(impFullId)&amp;&amp;vals.length===3&amp;&amp;__ez.dot.isValid(pixelData)){var adUnit=vals[0],impId=vals[2];pixels.push({type:"impression",impression_id:impId,domain_id:__ez.dot.getDID(),unit:adUnit,t_epoch:__ez.dot.getEpoch(0),pageview_id:__ez.dot.getPageviewId(),data:__ez.dot.dataToStr(pixelData)});}}
function Fire(){if(typeof document.visibilityState!=='undefined'&amp;&amp;document.visibilityState==="prerender")return;if(__ez.dot.isDefined(pixels)&amp;&amp;pixels.length&gt;0){while(pixels.length&gt;0){var j=5;if(j&gt;pixels.length){j=pixels.length;}
var pushPixels=pixels.splice(0,j);var pixelURL=__ez.dot.getURL(pxURL)+"?orig="+(__ez.template.isOrig===true?1:0)+"&amp;sts="+btoa(JSON.stringify(pushPixels));if(typeof window.isAmp!=='undefined'&amp;&amp;isAmp&amp;&amp;typeof window._ezaq!=='undefined'&amp;&amp;_ezaq.hasOwnProperty("domain_id")){pixelURL+="&amp;visit_uuid="+_ezaq['visit_uuid'];}
(new Image()).src=pixelURL;}}
pixels=[];}
function getEzimData(adSlot){if(typeof _ezim_d=="undefined"){return false}
var adUnitName=__ez.dot.getAdUnitPath(adSlot).split('/').pop();if(typeof _ezim_d==='object'&amp;&amp;_ezim_d.hasOwnProperty(adUnitName)){return _ezim_d[adUnitName];}
for(var ezimKey in _ezim_d){if(ezimKey.split('/').pop()===adUnitName){return _ezim_d[ezimKey];}}
return false;}
return{Add:AddPixel,AddAndFire:AddAndFirePixel,AddById:AddPixelById,Fire:Fire,GetPixels:GetCurrentPixels,};})();__ez.queue.addFile('/detroitchicago/raleigh.js', '/detroitchicago/raleigh.js?gcb=191-6&amp;cb=1', false, [], true, false, true, false);__ez.queue.addFile('/detroitchicago/tampa.js', '/detroitchicago/tampa.js?gcb=191-6&amp;cb=1', false, [], true, false, true, false);</script>
    <script data-ezscrex="false" type="text/javascript" data-cfasync="false">var _ezaq = {"ad_cache_level":0,"ad_count_adjustment":0,"ad_lazyload_version":0,"ad_location_ids":"","ad_transform_level":0,"adx_ad_count":0,"bidder_method":1,"bidder_version":3,"city":"Dublin","country":"IE","days_since_last_visit":-1,"display_ad_count":0,"domain_id":133674,"ds_adsize_opt_id":-1,"engaged_time_visit":0,"ezcache_level":1,"forensiq_score":-1,"form_factor_id":1,"framework_id":1,"has_bad_image":0,"has_bad_words":0,"iab_category":"","is_from_recommended_pages":false,"is_return_visitor":false,"is_sitespeed":0,"last_page_load":"","last_pageview_id":"","lt_cache_level":0,"max_ads":0,"metro_code":0,"optimization_version":1,"page_ad_positions":"","page_view_count":0,"page_view_id":"04d705e3-945e-4ea2-4c49-424d8fc5934c","position_selection_id":0,"postal_code":"D02","pv_event_count":0,"response_time_orig":701,"serverid":"54.170.201.113:377","state":"L","sub_page_ad_positions":"","t_epoch":1599940634,"template_id":0,"time_on_site_visit":0,"url":"http://dummy.restapiexample.com/api/v1/employee/2982","user_id":0,"word_count":0,"worst_bad_word_level":0};var _ezim_d = null;var _ezat = {"domain_id":133674,"form_factor_id":1,"framework_id":1,"pageview_date":"2020-09-12","pageview_id":"04d705e3-945e-4ea2-4c49-424d8fc5934c","template_id":0,"url":"http://dummy.restapiexample.com/api/v1/employee/2982","visit_uuid":"44f1a3a1-90c4-47a7-505e-360c9625e1dd"};</script>
    <script data-ezscrex="false" data-pagespeed-no-defer="data-pagespeed-no-defer" data-cfasync="false" type="text/javascript">__ez.queue.addFile('banger.js', '/porpoiseant/banger.js?cb=191-6&amp;bv=86&amp;v=35&amp;PageSpeed=off', true, [], true, false, false, true);</script>
    <script data-ezscrex="false" data-cfasync="false">(function(){if("function"===typeof window.CustomEvent)return!1;window.CustomEvent=function(c,a){a=a||{bubbles:!1,cancelable:!1,detail:null};var b=document.createEvent("CustomEvent");b.initCustomEvent(c,a.bubbles,a.cancelable,a.detail);return b}})();</script>
    <script data-ezscrex="false" data-cfasync="false">__ez.queue.addFile('/detroitchicago/tulsa.js', '/detroitchicago/tulsa.js?gcb=191-6&amp;cb=2', false, [], true, false, true, false);</script>
    <meta name="viewport" content="width=device-width, initial-scale=1"/>
    <title>Too Many Requests</title>
    <link rel="dns-prefetch" href="//fonts.gstatic.com"/>
    <link href="https://fonts.googleapis.com/css?family=Nunito" rel="stylesheet"/>
    <style>
            html, body {
                background-color: #fff;
                color: #636b6f;
                font-family: 'Nunito', sans-serif;
                font-weight: 100;
                height: 100vh;
                margin: 0;
            }

            .full-height {
                height: 100vh;
            }

            .flex-center {
                align-items: center;
                display: flex;
                justify-content: center;
            }

            .position-ref {
                position: relative;
            }

            .code {
                border-right: 2px solid;
                font-size: 26px;
                padding: 0 15px 0 15px;
                text-align: center;
            }

            .message {
                font-size: 18px;
                text-align: center;
            }
        </style>
    <script data-ezscrex="false" data-cfasync="false" type="text/javascript">window.google_analytics_uacct = "UA-131129777-14";</script>
    <script data-ezscrex="false" data-cfasync="false" type="text/javascript">
var _gaq = _gaq || [];
_gaq.push(['e._setAccount', 'UA-131129777-14']);
_gaq.push(['f._setAccount', 'UA-38339005-1']);
_gaq.push(['e._setDomainName', 'restapiexample.com']);
_gaq.push(['f._setDomainName', 'restapiexample.com']);
_gaq.push(['e._setCustomVar',1,'template','pub_site_noads',3]);
_gaq.push(['e._setCustomVar',2,'t','147',3]);
_gaq.push(['e._setCustomVar',3,'rid','0',2]);
_gaq.push(['e._setCustomVar',4,'bra','mod1',3]);
_gaq.push(['e._setAllowAnchor',true]);
_gaq.push(['e._setSiteSpeedSampleRate', 10]);
_gaq.push(['f._setCustomVar',1,'template','pub_site_noads',3]);
_gaq.push(['f._setCustomVar',2,'domain','restapiexample.com',3]);
_gaq.push(['f._setSiteSpeedSampleRate', 20]);
_gaq.push(['e._trackPageview']);
_gaq.push(['f._trackPageview']);


(function() {
 var ga = document.createElement('script'); ga.type = 'text/javascript'; ga.async = true;
 ga.src = ('https:' == document.location.protocol ? 'https://ssl' : 'http://www') + '.google-analytics.com/ga.js';
 var s = document.getElementsByTagName('script')[0]; s.parentNode.insertBefore(ga, s);
})();
</script>
    <script type="text/javascript">var ezouid = "1";</script>
    <base href="http://dummy.restapiexample.com/api/v1/employee/2982"/>
    <script type="text/javascript">
var ezoTemplate = 'pub_site_noads';
if(typeof ezouid == 'undefined')
{
    var ezouid = 'none';
}
var ezoFormfactor = '1';
var ezo_elements_to_check = Array();
</script>
    <script data-ezscrex="false" type="text/javascript">
var soc_app_id = '0';
var did = 133674;
var ezdomain = 'restapiexample.com';
var ezoicSearchable = 1;
</script>
    <script data-ezscrex="false" data-pagespeed-no-defer="data-pagespeed-no-defer" data-cfasync="false">
function create_ezolpl(pvID, rv) {
    var d = new Date();
    d.setTime(d.getTime() + (365*24*60*60*1000));
    var expires = "expires="+d.toUTCString();
    __ez.ck.setByCat("ezux_lpl_133674=" + new Date().getTime() + "|" + pvID + "|" + rv + "; " + expires, 3);
}
function attach_ezolpl(pvID, rv) {
    if (document.readyState === "complete") {
        create_ezolpl(pvID, rv);
    }
    if(window.attachEvent) {
        window.attachEvent("onload", create_ezolpl, pvID, rv);
    } else {
        if(window.onload) {
            var curronload = window.onload;
            var newonload = function(evt) {
                curronload(evt);
                create_ezolpl(pvID, rv);
            };
            window.onload = newonload;
        } else {
            window.onload = create_ezolpl.bind(null, pvID, rv);
        }
    }
}

__ez.queue.addFunc("attach_ezolpl", "attach_ezolpl", ["04d705e3-945e-4ea2-4c49-424d8fc5934c", "false"], false, ['/detroitchicago/boise.js'], true, false, false, false);
</script>
  </head>
  <body>
    <div class="flex-center position-ref full-height">
      <div class="code">
                429            </div>
      <div class="message" style="padding: 10px;">
                Too Many Requests            </div>
    </div>
    <script type="text/javascript" style="display:none;">var __ez_dims = (function() {
		var setCookie = function( name, content, expiry ) {
			return document.cookie = name+'='+content+((expiry)?';expires='+(new Date(Math.floor(new Date().getTime()+expiry*1000)).toUTCString()):'')+';path=/';
		};
		var ffid = 1;
		var oh = window.screen.height;
		var ow = window.screen.width;
		var h = ffid === 1 ? oh : (oh &gt; ow) ? oh : ow;
		var w = ffid === 1 ? ow : (oh &gt; ow) ? ow : oh;
		var uh = window.innerHeight || document.documentElement.clientHeight || document.getElementsByTagName('body')[0].clientHeight;
		var uw = window.innerWidth || document.documentElement.clientWidth || document.getElementsByTagName('body')[0].clientWidth;
		setCookie('ezds', encodeURIComponent('ffid='+ffid+',w='+w+',h='+h), (31536e3*7));
		setCookie('ezohw', encodeURIComponent('w='+uw+',h='+uh), (31536e3*7));
	})();</script>
    <script type="text/javascript" style="display:none;" async="async">
__ez.queue.addFile('edmonton.php', '/detroitchicago/edmonton.webp?a=a&amp;cb=191-6&amp;shcb=34', true, ['/detroitchicago/minneapolis.js'], true, false, false, false);
__ez.queue.addFile('jellyfish.php', '/porpoiseant/jellyfish.webp?a=a&amp;cb=191-6&amp;shcb=34', false, [], true, false, false, false);
</script>
    <script type="text/javascript" data-cfasync="false"/>
  </body>
</html>
]]></failure>
    <system-out><![CDATA[@AllEmployees
Feature: TC01 (GET) All Employees
  
        *The scenarios covered are -
  
        *
<html lang="en">
  <head>
    <meta charset="utf-8"/>
    <script data-ezscrex="false" data-cfasync="false" data-pagespeed-no-defer="data-pagespeed-no-defer">var __ez=__ez||{};__ez.stms=Date.now();__ez.evt={};__ez.script={};__ez.ck=__ez.ck||{};__ez.template={};__ez.template.isOrig=false;__ez.queue=(function(){var count=0,incr=0,items=[],timeDelayFired=false,hpItems=[],lpItems=[],allowLoad=true;var obj={func:function(name,funcName,parameters,isBlock,blockedBy,deleteWhenComplete,proceedIfError){var self=this;this.name=name;this.funcName=funcName;this.parameters=parameters===null?null:(parameters instanceof Array)?parameters:[parameters];this.isBlock=isBlock;this.blockedBy=blockedBy;this.deleteWhenComplete=deleteWhenComplete;this.isError=false;this.isComplete=false;this.isInitialized=false;this.proceedIfError=proceedIfError;this.isTimeDelay=false;this.process=function(){log("... func = "+name);self.isInitialized=true;self.isComplete=true;log("... func.apply: "+name);var funcs=self.funcName.split('.');var func=null;if(funcs.length&gt;3){}else if(funcs.length===3){func=window[funcs[0]][funcs[1]][funcs[2]];}else if(funcs.length===2){func=window[funcs[0]][funcs[1]];}else{func=window[self.funcName];}
if(typeof func!=='undefined'&amp;&amp;func!==null){func.apply(null,this.parameters);}
if(self.deleteWhenComplete===true)delete items[name];if(self.isBlock===true){log("----- F'D: "+self.name);processAll();}}},file:function(name,path,isBlock,blockedBy,async,defer,proceedIfError){var self=this;this.name=name;this.path=path;this.async=async;this.defer=defer;this.isBlock=isBlock;this.blockedBy=blockedBy;this.isInitialized=false;this.isError=false;this.isComplete=false;this.proceedIfError=proceedIfError;this.isTimeDelay=false;this.process=function(){self.isInitialized=true;log("... file = "+name);var scr=document.createElement('script');scr.src=path;if(async===true)scr.async=true;else if(defer===true)scr.defer=true;scr.onerror=function(){log("----- ERR'D: "+self.name);self.isError=true;if(self.isBlock===true){processAll();}};scr.onreadystatechange=scr.onload=function(){var state=scr.readyState;log("----- F'D: "+self.name);if((!state||/loaded|complete/.test(state))){self.isComplete=true;if(self.isBlock===true){processAll();}}};document.getElementsByTagName('head')[0].appendChild(scr);}}};function init(){window.addEventListener("load",function(){setTimeout(function(){timeDelayFired=true;log('TDELAY -----');processAll();},5000);},false);}
function addFile(name,path,isBlock,blockedBy,async,defer,proceedIfError,priority){var item=new obj.file(name,path,isBlock,blockedBy,async,defer,proceedIfError);if(priority===true){hpItems[name]=item}else{lpItems[name]=item}
items[name]=item;checkIfBlocked(item);}
function setallowLoad(settobool){allowLoad=settobool}
function addFunc(name,func,parameters,isBlock,blockedBy,autoInc,deleteWhenComplete,proceedIfError,priority){if(autoInc===true)name=name+"_"+incr++;var item=new obj.func(name,func,parameters,isBlock,blockedBy,deleteWhenComplete,proceedIfError);if(priority===true){hpItems[name]=item}else{lpItems[name]=item}
items[name]=item;checkIfBlocked(item);}
function addTimeDelayFile(name,path){var item=new obj.file(name,path,false,[],false,false,true);item.isTimeDelay=true;log(name+' ... '+' FILE! TDELAY');lpItems[name]=item;items[name]=item;checkIfBlocked(item);}
function addTimeDelayFunc(name,func,parameters){var item=new obj.func(name,func,parameters,false,[],true,true);item.isTimeDelay=true;log(name+' ... '+' FUNCTION! TDELAY');lpItems[name]=item;items[name]=item;checkIfBlocked(item);}
function checkIfBlocked(item){if(isBlocked(item)===true||allowLoad==false)return;item.process();}
function isBlocked(item){if(item.isTimeDelay===true&amp;&amp;timeDelayFired===false){log(item.name+" blocked = TIME DELAY!");return true;}
if(item.blockedBy instanceof Array){for(var i=0;i&lt;item.blockedBy.length;i++){var block=item.blockedBy[i];if(items.hasOwnProperty(block)===false){log(item.name+" blocked = "+block);return true;}else if(item.proceedIfError===true&amp;&amp;items[block].isError===true){return false;}else if(items[block].isComplete===false){log(item.name+" blocked = "+block);return true;}}}
return false;}
function log(msg){var href=window.location.href;var reg=new RegExp('[?&amp;]ezq=([^&amp;#]*)','i');var string=reg.exec(href);var res=string?string[1]:null;if(res==="1")console.debug(msg);}
function processAll(){count++;if(count&gt;200)return;log("let's go");processItems(hpItems);processItems(lpItems);}
function processItems(list){for(var i in list){if(list.hasOwnProperty(i)===false)continue;var item=list[i];if(item.isComplete===true||isBlocked(item)||item.isInitialized===true||item.isError===true){if(item.isError===true){log(item.name+': error')}else if(item.isComplete===true){log(item.name+': complete already')}else if(item.isInitialized===true){log(item.name+': initialized already')}}else{item.process();}}}
init();return{addFile:addFile,addDelayFile:addTimeDelayFile,addFunc:addFunc,addDelayFunc:addTimeDelayFunc,items:items,processAll:processAll,setallowLoad:setallowLoad};})();__ez.evt.add=function(e,t,n){e.addEventListener?e.addEventListener(t,n,!1):e.attachEvent?e.attachEvent("on"+t,n):e["on"+t]=n()},__ez.evt.remove=function(e,t,n){e.removeEventListener?e.removeEventListener(t,n,!1):e.detachEvent?e.detachEvent("on"+t,n):delete e["on"+t]};__ez.script.add=function(e){var t=document.createElement("script");t.src=e,t.async=!0,t.type="text/javascript",document.getElementsByTagName("head")[0].appendChild(t)};__ez.queue.addFile('/detroitchicago/boise.js', '/detroitchicago/boise.js?gcb=191-6&amp;cb=1', false, [], true, false, true, false);__ez.dot={};__ez.queue.addFile('/detroitchicago/memphis.js', '/detroitchicago/memphis.js?gcb=191-6&amp;cb=1', false, [], true, false, true, false);__ez.queue.addFile('/detroitchicago/minneapolis.js', '/detroitchicago/minneapolis.js?gcb=191-6&amp;cb=1', false, [], true, false, true, false);__ez.vep=(function(){var pixels=[],pxURL="/detroitchicago/grapefruit.gif";function AddPixel(vID,pixelData){if(__ez.dot.isDefined(vID)&amp;&amp;__ez.dot.isValid(pixelData)){pixels.push({type:'video',video_impression_id:vID,domain_id:__ez.dot.getDID(),t_epoch:__ez.dot.getEpoch(0),data:__ez.dot.dataToStr(pixelData)});}}
function Fire(){if(typeof document.visibilityState!=='undefined'&amp;&amp;document.visibilityState==="prerender"){return;}
if(__ez.dot.isDefined(pixels)&amp;&amp;pixels.length&gt;0){while(pixels.length&gt;0){var j=5;if(j&gt;pixels.length){j=pixels.length;}
var pushPixels=pixels.splice(0,j);(new Image()).src=__ez.dot.getURL(pxURL)+"?orig="+(__ez.template.isOrig===true?1:0)+"&amp;v="+btoa(JSON.stringify(pushPixels));}}
pixels=[];}
return{Add:AddPixel,Fire:Fire};})();</script>
    <script data-ezscrex="false" data-cfasync="false" data-pagespeed-no-defer="data-pagespeed-no-defer">__ez.pel=(function(){var pixels=[],pxURL="/porpoiseant/army.gif";function AddAndFirePixel(adSlot,pixelData){AddPixel(adSlot,pixelData,0,0,0,0,0);Fire();}
function GetCurrentPixels(){return pixels;}
function AddPixel(adSlot,pixelData,revenue,est_revenue,bid_floor_filled,bid_floor_prev,stat_source_id){if(!__ez.dot.isDefined(adSlot)||__ez.dot.isAnyDefined(adSlot.getSlotElementId,adSlot.ElementId)==false){return;}
var ad_position_id=parseInt(__ez.dot.getTargeting(adSlot,'ap'));var impId=__ez.dot.getSlotIID(adSlot),adUnit=__ez.dot.getAdUnit(adSlot);var compId=parseInt(__ez.dot.getTargeting(adSlot,"compid"));var lineItemId=0;var creativeId=0;var ezimData=getEzimData(adSlot);if(typeof ezimData=='object'){if(ezimData.creative_id!==undefined){creativeId=ezimData.creative_id;}
if(ezimData.line_item_id!==undefined){lineItemId=ezimData.line_item_id;}}
if(__ez.dot.isDefined(impId,adUnit)&amp;&amp;__ez.dot.isValid(pixelData)){pixels.push({type:"impression",impression_id:impId,domain_id:__ez.dot.getDID(),unit:adUnit,t_epoch:__ez.dot.getEpoch(0),revenue:revenue,est_revenue:est_revenue,ad_position:ad_position_id,ad_size:"",bid_floor_filled:bid_floor_filled,bid_floor_prev:bid_floor_prev,stat_source_id:stat_source_id,country_code:__ez.dot.getCC(),pageview_id:__ez.dot.getPageviewId(),comp_id:compId,line_item_id:lineItemId,creative_id:creativeId,data:__ez.dot.dataToStr(pixelData)});}}
function AddPixelById(impFullId,pixelData){var vals=impFullId.split('/');if(__ez.dot.isDefined(impFullId)&amp;&amp;vals.length===3&amp;&amp;__ez.dot.isValid(pixelData)){var adUnit=vals[0],impId=vals[2];pixels.push({type:"impression",impression_id:impId,domain_id:__ez.dot.getDID(),unit:adUnit,t_epoch:__ez.dot.getEpoch(0),pageview_id:__ez.dot.getPageviewId(),data:__ez.dot.dataToStr(pixelData)});}}
function Fire(){if(typeof document.visibilityState!=='undefined'&amp;&amp;document.visibilityState==="prerender")return;if(__ez.dot.isDefined(pixels)&amp;&amp;pixels.length&gt;0){while(pixels.length&gt;0){var j=5;if(j&gt;pixels.length){j=pixels.length;}
var pushPixels=pixels.splice(0,j);var pixelURL=__ez.dot.getURL(pxURL)+"?orig="+(__ez.template.isOrig===true?1:0)+"&amp;sts="+btoa(JSON.stringify(pushPixels));if(typeof window.isAmp!=='undefined'&amp;&amp;isAmp&amp;&amp;typeof window._ezaq!=='undefined'&amp;&amp;_ezaq.hasOwnProperty("domain_id")){pixelURL+="&amp;visit_uuid="+_ezaq['visit_uuid'];}
(new Image()).src=pixelURL;}}
pixels=[];}
function getEzimData(adSlot){if(typeof _ezim_d=="undefined"){return false}
var adUnitName=__ez.dot.getAdUnitPath(adSlot).split('/').pop();if(typeof _ezim_d==='object'&amp;&amp;_ezim_d.hasOwnProperty(adUnitName)){return _ezim_d[adUnitName];}
for(var ezimKey in _ezim_d){if(ezimKey.split('/').pop()===adUnitName){return _ezim_d[ezimKey];}}
return false;}
return{Add:AddPixel,AddAndFire:AddAndFirePixel,AddById:AddPixelById,Fire:Fire,GetPixels:GetCurrentPixels,};})();__ez.queue.addFile('/detroitchicago/raleigh.js', '/detroitchicago/raleigh.js?gcb=191-6&amp;cb=1', false, [], true, false, true, false);__ez.queue.addFile('/detroitchicago/tampa.js', '/detroitchicago/tampa.js?gcb=191-6&amp;cb=1', false, [], true, false, true, false);</script>
    <script data-ezscrex="false" type="text/javascript" data-cfasync="false">var _ezaq = {"ad_cache_level":0,"ad_count_adjustment":0,"ad_lazyload_version":0,"ad_location_ids":"","ad_transform_level":0,"adx_ad_count":0,"bidder_method":1,"bidder_version":3,"city":"Dublin","country":"IE","days_since_last_visit":-1,"display_ad_count":0,"domain_id":133674,"ds_adsize_opt_id":-1,"engaged_time_visit":0,"ezcache_level":1,"forensiq_score":-1,"form_factor_id":1,"framework_id":1,"has_bad_image":0,"has_bad_words":0,"iab_category":"","is_from_recommended_pages":false,"is_return_visitor":false,"is_sitespeed":0,"last_page_load":"","last_pageview_id":"","lt_cache_level":0,"max_ads":0,"metro_code":0,"optimization_version":1,"page_ad_positions":"","page_view_count":0,"page_view_id":"04d705e3-945e-4ea2-4c49-424d8fc5934c","position_selection_id":0,"postal_code":"D02","pv_event_count":0,"response_time_orig":701,"serverid":"54.170.201.113:377","state":"L","sub_page_ad_positions":"","t_epoch":1599940634,"template_id":0,"time_on_site_visit":0,"url":"http://dummy.restapiexample.com/api/v1/employee/2982","user_id":0,"word_count":0,"worst_bad_word_level":0};var _ezim_d = null;var _ezat = {"domain_id":133674,"form_factor_id":1,"framework_id":1,"pageview_date":"2020-09-12","pageview_id":"04d705e3-945e-4ea2-4c49-424d8fc5934c","template_id":0,"url":"http://dummy.restapiexample.com/api/v1/employee/2982","visit_uuid":"44f1a3a1-90c4-47a7-505e-360c9625e1dd"};</script>
    <script data-ezscrex="false" data-pagespeed-no-defer="data-pagespeed-no-defer" data-cfasync="false" type="text/javascript">__ez.queue.addFile('banger.js', '/porpoiseant/banger.js?cb=191-6&amp;bv=86&amp;v=35&amp;PageSpeed=off', true, [], true, false, false, true);</script>
    <script data-ezscrex="false" data-cfasync="false">(function(){if("function"===typeof window.CustomEvent)return!1;window.CustomEvent=function(c,a){a=a||{bubbles:!1,cancelable:!1,detail:null};var b=document.createEvent("CustomEvent");b.initCustomEvent(c,a.bubbles,a.cancelable,a.detail);return b}})();</script>
    <script data-ezscrex="false" data-cfasync="false">__ez.queue.addFile('/detroitchicago/tulsa.js', '/detroitchicago/tulsa.js?gcb=191-6&amp;cb=2', false, [], true, false, true, false);</script>
    <meta name="viewport" content="width=device-width, initial-scale=1"/>
    <title>Too Many Requests</title>
    <link rel="dns-prefetch" href="//fonts.gstatic.com"/>
    <link href="https://fonts.googleapis.com/css?family=Nunito" rel="stylesheet"/>
    <style>
            html, body {
                background-color: #fff;
                color: #636b6f;
                font-family: 'Nunito', sans-serif;
                font-weight: 100;
                height: 100vh;
                margin: 0;
            }

            .full-height {
                height: 100vh;
            }

            .flex-center {
                align-items: center;
                display: flex;
                justify-content: center;
            }

            .position-ref {
                position: relative;
            }

            .code {
                border-right: 2px solid;
                font-size: 26px;
                padding: 0 15px 0 15px;
                text-align: center;
            }

            .message {
                font-size: 18px;
                text-align: center;
            }
        </style>
    <script data-ezscrex="false" data-cfasync="false" type="text/javascript">window.google_analytics_uacct = "UA-131129777-14";</script>
    <script data-ezscrex="false" data-cfasync="false" type="text/javascript">
var _gaq = _gaq || [];
_gaq.push(['e._setAccount', 'UA-131129777-14']);
_gaq.push(['f._setAccount', 'UA-38339005-1']);
_gaq.push(['e._setDomainName', 'restapiexample.com']);
_gaq.push(['f._setDomainName', 'restapiexample.com']);
_gaq.push(['e._setCustomVar',1,'template','pub_site_noads',3]);
_gaq.push(['e._setCustomVar',2,'t','147',3]);
_gaq.push(['e._setCustomVar',3,'rid','0',2]);
_gaq.push(['e._setCustomVar',4,'bra','mod1',3]);
_gaq.push(['e._setAllowAnchor',true]);
_gaq.push(['e._setSiteSpeedSampleRate', 10]);
_gaq.push(['f._setCustomVar',1,'template','pub_site_noads',3]);
_gaq.push(['f._setCustomVar',2,'domain','restapiexample.com',3]);
_gaq.push(['f._setSiteSpeedSampleRate', 20]);
_gaq.push(['e._trackPageview']);
_gaq.push(['f._trackPageview']);


(function() {
 var ga = document.createElement('script'); ga.type = 'text/javascript'; ga.async = true;
 ga.src = ('https:' == document.location.protocol ? 'https://ssl' : 'http://www') + '.google-analytics.com/ga.js';
 var s = document.getElementsByTagName('script')[0]; s.parentNode.insertBefore(ga, s);
})();
</script>
    <script type="text/javascript">var ezouid = "1";</script>
    <base href="http://dummy.restapiexample.com/api/v1/employee/2982"/>
    <script type="text/javascript">
var ezoTemplate = 'pub_site_noads';
if(typeof ezouid == 'undefined')
{
    var ezouid = 'none';
}
var ezoFormfactor = '1';
var ezo_elements_to_check = Array();
</script>
    <script data-ezscrex="false" type="text/javascript">
var soc_app_id = '0';
var did = 133674;
var ezdomain = 'restapiexample.com';
var ezoicSearchable = 1;
</script>
    <script data-ezscrex="false" data-pagespeed-no-defer="data-pagespeed-no-defer" data-cfasync="false">
function create_ezolpl(pvID, rv) {
    var d = new Date();
    d.setTime(d.getTime() + (365*24*60*60*1000));
    var expires = "expires="+d.toUTCString();
    __ez.ck.setByCat("ezux_lpl_133674=" + new Date().getTime() + "|" + pvID + "|" + rv + "; " + expires, 3);
}
function attach_ezolpl(pvID, rv) {
    if (document.readyState === "complete") {
        create_ezolpl(pvID, rv);
    }
    if(window.attachEvent) {
        window.attachEvent("onload", create_ezolpl, pvID, rv);
    } else {
        if(window.onload) {
            var curronload = window.onload;
            var newonload = function(evt) {
                curronload(evt);
                create_ezolpl(pvID, rv);
            };
            window.onload = newonload;
        } else {
            window.onload = create_ezolpl.bind(null, pvID, rv);
        }
    }
}

__ez.queue.addFunc("attach_ezolpl", "attach_ezolpl", ["04d705e3-945e-4ea2-4c49-424d8fc5934c", "false"], false, ['/detroitchicago/boise.js'], true, false, false, false);
</script>
  </head>
  <body>
    <div class="flex-center position-ref full-height">
      <div class="code">
                429            </div>
      <div class="message" style="padding: 10px;">
                Too Many Requests            </div>
    </div>
    <script type="text/javascript" style="display:none;">var __ez_dims = (function() {
		var setCookie = function( name, content, expiry ) {
			return document.cookie = name+'='+content+((expiry)?';expires='+(new Date(Math.floor(new Date().getTime()+expiry*1000)).toUTCString()):'')+';path=/';
		};
		var ffid = 1;
		var oh = window.screen.height;
		var ow = window.screen.width;
		var h = ffid === 1 ? oh : (oh &gt; ow) ? oh : ow;
		var w = ffid === 1 ? ow : (oh &gt; ow) ? ow : oh;
		var uh = window.innerHeight || document.documentElement.clientHeight || document.getElementsByTagName('body')[0].clientHeight;
		var uw = window.innerWidth || document.documentElement.clientWidth || document.getElementsByTagName('body')[0].clientWidth;
		setCookie('ezds', encodeURIComponent('ffid='+ffid+',w='+w+',h='+h), (31536e3*7));
		setCookie('ezohw', encodeURIComponent('w='+uw+',h='+uh), (31536e3*7));
	})();</script>
    <script type="text/javascript" style="display:none;" async="async">
__ez.queue.addFile('edmonton.php', '/detroitchicago/edmonton.webp?a=a&amp;cb=191-6&amp;shcb=34', true, ['/detroitchicago/minneapolis.js'], true, false, false, false);
__ez.queue.addFile('jellyfish.php', '/porpoiseant/jellyfish.webp?a=a&amp;cb=191-6&amp;shcb=34', false, [], true, false, false, false);
</script>
    <script type="text/javascript" data-cfasync="false"/>
  </body>
</html>

  Scenario: Positive Scenario (200 Ok Response)                           # TC01 GET All Employees.feature:9
    Given the URL is "http://dummy.restapiexample.com/api/v1"             # httpActivity.the_URL_is(String)
    When the HTTP request type is "GET"  and resource is "/employee/2982" # httpActivity.the_HTTP_request_type_is_and_resource_is(String,String)
    Then verify the Response code is "200"                                # httpActivity.verify_the_Response_code_is(String)
      java.lang.AssertionError: Expected Status code = 200 but Status code = 429 was found instead...
      Body coming from backend is--><html lang="en">
        <head>
          <meta charset="utf-8"/>
          <script data-ezscrex="false" data-cfasync="false" data-pagespeed-no-defer="data-pagespeed-no-defer">var __ez=__ez||{};__ez.stms=Date.now();__ez.evt={};__ez.script={};__ez.ck=__ez.ck||{};__ez.template={};__ez.template.isOrig=false;__ez.queue=(function(){var count=0,incr=0,items=[],timeDelayFired=false,hpItems=[],lpItems=[],allowLoad=true;var obj={func:function(name,funcName,parameters,isBlock,blockedBy,deleteWhenComplete,proceedIfError){var self=this;this.name=name;this.funcName=funcName;this.parameters=parameters===null?null:(parameters instanceof Array)?parameters:[parameters];this.isBlock=isBlock;this.blockedBy=blockedBy;this.deleteWhenComplete=deleteWhenComplete;this.isError=false;this.isComplete=false;this.isInitialized=false;this.proceedIfError=proceedIfError;this.isTimeDelay=false;this.process=function(){log("... func = "+name);self.isInitialized=true;self.isComplete=true;log("... func.apply: "+name);var funcs=self.funcName.split('.');var func=null;if(funcs.length&gt;3){}else if(funcs.length===3){func=window[funcs[0]][funcs[1]][funcs[2]];}else if(funcs.length===2){func=window[funcs[0]][funcs[1]];}else{func=window[self.funcName];}
      if(typeof func!=='undefined'&amp;&amp;func!==null){func.apply(null,this.parameters);}
      if(self.deleteWhenComplete===true)delete items[name];if(self.isBlock===true){log("----- F'D: "+self.name);processAll();}}},file:function(name,path,isBlock,blockedBy,async,defer,proceedIfError){var self=this;this.name=name;this.path=path;this.async=async;this.defer=defer;this.isBlock=isBlock;this.blockedBy=blockedBy;this.isInitialized=false;this.isError=false;this.isComplete=false;this.proceedIfError=proceedIfError;this.isTimeDelay=false;this.process=function(){self.isInitialized=true;log("... file = "+name);var scr=document.createElement('script');scr.src=path;if(async===true)scr.async=true;else if(defer===true)scr.defer=true;scr.onerror=function(){log("----- ERR'D: "+self.name);self.isError=true;if(self.isBlock===true){processAll();}};scr.onreadystatechange=scr.onload=function(){var state=scr.readyState;log("----- F'D: "+self.name);if((!state||/loaded|complete/.test(state))){self.isComplete=true;if(self.isBlock===true){processAll();}}};document.getElementsByTagName('head')[0].appendChild(scr);}}};function init(){window.addEventListener("load",function(){setTimeout(function(){timeDelayFired=true;log('TDELAY -----');processAll();},5000);},false);}
      function addFile(name,path,isBlock,blockedBy,async,defer,proceedIfError,priority){var item=new obj.file(name,path,isBlock,blockedBy,async,defer,proceedIfError);if(priority===true){hpItems[name]=item}else{lpItems[name]=item}
      items[name]=item;checkIfBlocked(item);}
      function setallowLoad(settobool){allowLoad=settobool}
      function addFunc(name,func,parameters,isBlock,blockedBy,autoInc,deleteWhenComplete,proceedIfError,priority){if(autoInc===true)name=name+"_"+incr++;var item=new obj.func(name,func,parameters,isBlock,blockedBy,deleteWhenComplete,proceedIfError);if(priority===true){hpItems[name]=item}else{lpItems[name]=item}
      items[name]=item;checkIfBlocked(item);}
      function addTimeDelayFile(name,path){var item=new obj.file(name,path,false,[],false,false,true);item.isTimeDelay=true;log(name+' ... '+' FILE! TDELAY');lpItems[name]=item;items[name]=item;checkIfBlocked(item);}
      function addTimeDelayFunc(name,func,parameters){var item=new obj.func(name,func,parameters,false,[],true,true);item.isTimeDelay=true;log(name+' ... '+' FUNCTION! TDELAY');lpItems[name]=item;items[name]=item;checkIfBlocked(item);}
      function checkIfBlocked(item){if(isBlocked(item)===true||allowLoad==false)return;item.process();}
      function isBlocked(item){if(item.isTimeDelay===true&amp;&amp;timeDelayFired===false){log(item.name+" blocked = TIME DELAY!");return true;}
      if(item.blockedBy instanceof Array){for(var i=0;i&lt;item.blockedBy.length;i++){var block=item.blockedBy[i];if(items.hasOwnProperty(block)===false){log(item.name+" blocked = "+block);return true;}else if(item.proceedIfError===true&amp;&amp;items[block].isError===true){return false;}else if(items[block].isComplete===false){log(item.name+" blocked = "+block);return true;}}}
      return false;}
      function log(msg){var href=window.location.href;var reg=new RegExp('[?&amp;]ezq=([^&amp;#]*)','i');var string=reg.exec(href);var res=string?string[1]:null;if(res==="1")console.debug(msg);}
      function processAll(){count++;if(count&gt;200)return;log("let's go");processItems(hpItems);processItems(lpItems);}
      function processItems(list){for(var i in list){if(list.hasOwnProperty(i)===false)continue;var item=list[i];if(item.isComplete===true||isBlocked(item)||item.isInitialized===true||item.isError===true){if(item.isError===true){log(item.name+': error')}else if(item.isComplete===true){log(item.name+': complete already')}else if(item.isInitialized===true){log(item.name+': initialized already')}}else{item.process();}}}
      init();return{addFile:addFile,addDelayFile:addTimeDelayFile,addFunc:addFunc,addDelayFunc:addTimeDelayFunc,items:items,processAll:processAll,setallowLoad:setallowLoad};})();__ez.evt.add=function(e,t,n){e.addEventListener?e.addEventListener(t,n,!1):e.attachEvent?e.attachEvent("on"+t,n):e["on"+t]=n()},__ez.evt.remove=function(e,t,n){e.removeEventListener?e.removeEventListener(t,n,!1):e.detachEvent?e.detachEvent("on"+t,n):delete e["on"+t]};__ez.script.add=function(e){var t=document.createElement("script");t.src=e,t.async=!0,t.type="text/javascript",document.getElementsByTagName("head")[0].appendChild(t)};__ez.queue.addFile('/detroitchicago/boise.js', '/detroitchicago/boise.js?gcb=191-6&amp;cb=1', false, [], true, false, true, false);__ez.dot={};__ez.queue.addFile('/detroitchicago/memphis.js', '/detroitchicago/memphis.js?gcb=191-6&amp;cb=1', false, [], true, false, true, false);__ez.queue.addFile('/detroitchicago/minneapolis.js', '/detroitchicago/minneapolis.js?gcb=191-6&amp;cb=1', false, [], true, false, true, false);__ez.vep=(function(){var pixels=[],pxURL="/detroitchicago/grapefruit.gif";function AddPixel(vID,pixelData){if(__ez.dot.isDefined(vID)&amp;&amp;__ez.dot.isValid(pixelData)){pixels.push({type:'video',video_impression_id:vID,domain_id:__ez.dot.getDID(),t_epoch:__ez.dot.getEpoch(0),data:__ez.dot.dataToStr(pixelData)});}}
      function Fire(){if(typeof document.visibilityState!=='undefined'&amp;&amp;document.visibilityState==="prerender"){return;}
      if(__ez.dot.isDefined(pixels)&amp;&amp;pixels.length&gt;0){while(pixels.length&gt;0){var j=5;if(j&gt;pixels.length){j=pixels.length;}
      var pushPixels=pixels.splice(0,j);(new Image()).src=__ez.dot.getURL(pxURL)+"?orig="+(__ez.template.isOrig===true?1:0)+"&amp;v="+btoa(JSON.stringify(pushPixels));}}
      pixels=[];}
      return{Add:AddPixel,Fire:Fire};})();</script>
          <script data-ezscrex="false" data-cfasync="false" data-pagespeed-no-defer="data-pagespeed-no-defer">__ez.pel=(function(){var pixels=[],pxURL="/porpoiseant/army.gif";function AddAndFirePixel(adSlot,pixelData){AddPixel(adSlot,pixelData,0,0,0,0,0);Fire();}
      function GetCurrentPixels(){return pixels;}
      function AddPixel(adSlot,pixelData,revenue,est_revenue,bid_floor_filled,bid_floor_prev,stat_source_id){if(!__ez.dot.isDefined(adSlot)||__ez.dot.isAnyDefined(adSlot.getSlotElementId,adSlot.ElementId)==false){return;}
      var ad_position_id=parseInt(__ez.dot.getTargeting(adSlot,'ap'));var impId=__ez.dot.getSlotIID(adSlot),adUnit=__ez.dot.getAdUnit(adSlot);var compId=parseInt(__ez.dot.getTargeting(adSlot,"compid"));var lineItemId=0;var creativeId=0;var ezimData=getEzimData(adSlot);if(typeof ezimData=='object'){if(ezimData.creative_id!==undefined){creativeId=ezimData.creative_id;}
      if(ezimData.line_item_id!==undefined){lineItemId=ezimData.line_item_id;}}
      if(__ez.dot.isDefined(impId,adUnit)&amp;&amp;__ez.dot.isValid(pixelData)){pixels.push({type:"impression",impression_id:impId,domain_id:__ez.dot.getDID(),unit:adUnit,t_epoch:__ez.dot.getEpoch(0),revenue:revenue,est_revenue:est_revenue,ad_position:ad_position_id,ad_size:"",bid_floor_filled:bid_floor_filled,bid_floor_prev:bid_floor_prev,stat_source_id:stat_source_id,country_code:__ez.dot.getCC(),pageview_id:__ez.dot.getPageviewId(),comp_id:compId,line_item_id:lineItemId,creative_id:creativeId,data:__ez.dot.dataToStr(pixelData)});}}
      function AddPixelById(impFullId,pixelData){var vals=impFullId.split('/');if(__ez.dot.isDefined(impFullId)&amp;&amp;vals.length===3&amp;&amp;__ez.dot.isValid(pixelData)){var adUnit=vals[0],impId=vals[2];pixels.push({type:"impression",impression_id:impId,domain_id:__ez.dot.getDID(),unit:adUnit,t_epoch:__ez.dot.getEpoch(0),pageview_id:__ez.dot.getPageviewId(),data:__ez.dot.dataToStr(pixelData)});}}
      function Fire(){if(typeof document.visibilityState!=='undefined'&amp;&amp;document.visibilityState==="prerender")return;if(__ez.dot.isDefined(pixels)&amp;&amp;pixels.length&gt;0){while(pixels.length&gt;0){var j=5;if(j&gt;pixels.length){j=pixels.length;}
      var pushPixels=pixels.splice(0,j);var pixelURL=__ez.dot.getURL(pxURL)+"?orig="+(__ez.template.isOrig===true?1:0)+"&amp;sts="+btoa(JSON.stringify(pushPixels));if(typeof window.isAmp!=='undefined'&amp;&amp;isAmp&amp;&amp;typeof window._ezaq!=='undefined'&amp;&amp;_ezaq.hasOwnProperty("domain_id")){pixelURL+="&amp;visit_uuid="+_ezaq['visit_uuid'];}
      (new Image()).src=pixelURL;}}
      pixels=[];}
      function getEzimData(adSlot){if(typeof _ezim_d=="undefined"){return false}
      var adUnitName=__ez.dot.getAdUnitPath(adSlot).split('/').pop();if(typeof _ezim_d==='object'&amp;&amp;_ezim_d.hasOwnProperty(adUnitName)){return _ezim_d[adUnitName];}
      for(var ezimKey in _ezim_d){if(ezimKey.split('/').pop()===adUnitName){return _ezim_d[ezimKey];}}
      return false;}
      return{Add:AddPixel,AddAndFire:AddAndFirePixel,AddById:AddPixelById,Fire:Fire,GetPixels:GetCurrentPixels,};})();__ez.queue.addFile('/detroitchicago/raleigh.js', '/detroitchicago/raleigh.js?gcb=191-6&amp;cb=1', false, [], true, false, true, false);__ez.queue.addFile('/detroitchicago/tampa.js', '/detroitchicago/tampa.js?gcb=191-6&amp;cb=1', false, [], true, false, true, false);</script>
          <script data-ezscrex="false" type="text/javascript" data-cfasync="false">var _ezaq = {"ad_cache_level":0,"ad_count_adjustment":0,"ad_lazyload_version":0,"ad_location_ids":"","ad_transform_level":0,"adx_ad_count":0,"bidder_method":1,"bidder_version":3,"city":"Dublin","country":"IE","days_since_last_visit":-1,"display_ad_count":0,"domain_id":133674,"ds_adsize_opt_id":-1,"engaged_time_visit":0,"ezcache_level":1,"forensiq_score":-1,"form_factor_id":1,"framework_id":1,"has_bad_image":0,"has_bad_words":0,"iab_category":"","is_from_recommended_pages":false,"is_return_visitor":false,"is_sitespeed":0,"last_page_load":"","last_pageview_id":"","lt_cache_level":0,"max_ads":0,"metro_code":0,"optimization_version":1,"page_ad_positions":"","page_view_count":0,"page_view_id":"04d705e3-945e-4ea2-4c49-424d8fc5934c","position_selection_id":0,"postal_code":"D02","pv_event_count":0,"response_time_orig":701,"serverid":"54.170.201.113:377","state":"L","sub_page_ad_positions":"","t_epoch":1599940634,"template_id":0,"time_on_site_visit":0,"url":"http://dummy.restapiexample.com/api/v1/employee/2982","user_id":0,"word_count":0,"worst_bad_word_level":0};var _ezim_d = null;var _ezat = {"domain_id":133674,"form_factor_id":1,"framework_id":1,"pageview_date":"2020-09-12","pageview_id":"04d705e3-945e-4ea2-4c49-424d8fc5934c","template_id":0,"url":"http://dummy.restapiexample.com/api/v1/employee/2982","visit_uuid":"44f1a3a1-90c4-47a7-505e-360c9625e1dd"};</script>
          <script data-ezscrex="false" data-pagespeed-no-defer="data-pagespeed-no-defer" data-cfasync="false" type="text/javascript">__ez.queue.addFile('banger.js', '/porpoiseant/banger.js?cb=191-6&amp;bv=86&amp;v=35&amp;PageSpeed=off', true, [], true, false, false, true);</script>
          <script data-ezscrex="false" data-cfasync="false">(function(){if("function"===typeof window.CustomEvent)return!1;window.CustomEvent=function(c,a){a=a||{bubbles:!1,cancelable:!1,detail:null};var b=document.createEvent("CustomEvent");b.initCustomEvent(c,a.bubbles,a.cancelable,a.detail);return b}})();</script>
          <script data-ezscrex="false" data-cfasync="false">__ez.queue.addFile('/detroitchicago/tulsa.js', '/detroitchicago/tulsa.js?gcb=191-6&amp;cb=2', false, [], true, false, true, false);</script>
          <meta name="viewport" content="width=device-width, initial-scale=1"/>
          <title>Too Many Requests</title>
          <link rel="dns-prefetch" href="//fonts.gstatic.com"/>
          <link href="https://fonts.googleapis.com/css?family=Nunito" rel="stylesheet"/>
          <style>
                  html, body {
                      background-color: #fff;
                      color: #636b6f;
                      font-family: 'Nunito', sans-serif;
                      font-weight: 100;
                      height: 100vh;
                      margin: 0;
                  }
      
                  .full-height {
                      height: 100vh;
                  }
      
                  .flex-center {
                      align-items: center;
                      display: flex;
                      justify-content: center;
                  }
      
                  .position-ref {
                      position: relative;
                  }
      
                  .code {
                      border-right: 2px solid;
                      font-size: 26px;
                      padding: 0 15px 0 15px;
                      text-align: center;
                  }
      
                  .message {
                      font-size: 18px;
                      text-align: center;
                  }
              </style>
          <script data-ezscrex="false" data-cfasync="false" type="text/javascript">window.google_analytics_uacct = "UA-131129777-14";</script>
          <script data-ezscrex="false" data-cfasync="false" type="text/javascript">
      var _gaq = _gaq || [];
      _gaq.push(['e._setAccount', 'UA-131129777-14']);
      _gaq.push(['f._setAccount', 'UA-38339005-1']);
      _gaq.push(['e._setDomainName', 'restapiexample.com']);
      _gaq.push(['f._setDomainName', 'restapiexample.com']);
      _gaq.push(['e._setCustomVar',1,'template','pub_site_noads',3]);
      _gaq.push(['e._setCustomVar',2,'t','147',3]);
      _gaq.push(['e._setCustomVar',3,'rid','0',2]);
      _gaq.push(['e._setCustomVar',4,'bra','mod1',3]);
      _gaq.push(['e._setAllowAnchor',true]);
      _gaq.push(['e._setSiteSpeedSampleRate', 10]);
      _gaq.push(['f._setCustomVar',1,'template','pub_site_noads',3]);
      _gaq.push(['f._setCustomVar',2,'domain','restapiexample.com',3]);
      _gaq.push(['f._setSiteSpeedSampleRate', 20]);
      _gaq.push(['e._trackPageview']);
      _gaq.push(['f._trackPageview']);
      
      
      (function() {
       var ga = document.createElement('script'); ga.type = 'text/javascript'; ga.async = true;
       ga.src = ('https:' == document.location.protocol ? 'https://ssl' : 'http://www') + '.google-analytics.com/ga.js';
       var s = document.getElementsByTagName('script')[0]; s.parentNode.insertBefore(ga, s);
      })();
      </script>
          <script type="text/javascript">var ezouid = "1";</script>
          <base href="http://dummy.restapiexample.com/api/v1/employee/2982"/>
          <script type="text/javascript">
      var ezoTemplate = 'pub_site_noads';
      if(typeof ezouid == 'undefined')
      {
          var ezouid = 'none';
      }
      var ezoFormfactor = '1';
      var ezo_elements_to_check = Array();
      </script>
          <script data-ezscrex="false" type="text/javascript">
      var soc_app_id = '0';
      var did = 133674;
      var ezdomain = 'restapiexample.com';
      var ezoicSearchable = 1;
      </script>
          <script data-ezscrex="false" data-pagespeed-no-defer="data-pagespeed-no-defer" data-cfasync="false">
      function create_ezolpl(pvID, rv) {
          var d = new Date();
          d.setTime(d.getTime() + (365*24*60*60*1000));
          var expires = "expires="+d.toUTCString();
          __ez.ck.setByCat("ezux_lpl_133674=" + new Date().getTime() + "|" + pvID + "|" + rv + "; " + expires, 3);
      }
      function attach_ezolpl(pvID, rv) {
          if (document.readyState === "complete") {
              create_ezolpl(pvID, rv);
          }
          if(window.attachEvent) {
              window.attachEvent("onload", create_ezolpl, pvID, rv);
          } else {
              if(window.onload) {
                  var curronload = window.onload;
                  var newonload = function(evt) {
                      curronload(evt);
                      create_ezolpl(pvID, rv);
                  };
                  window.onload = newonload;
              } else {
                  window.onload = create_ezolpl.bind(null, pvID, rv);
              }
          }
      }
      
      __ez.queue.addFunc("attach_ezolpl", "attach_ezolpl", ["04d705e3-945e-4ea2-4c49-424d8fc5934c", "false"], false, ['/detroitchicago/boise.js'], true, false, false, false);
      </script>
        </head>
        <body>
          <div class="flex-center position-ref full-height">
            <div class="code">
                      429            </div>
            <div class="message" style="padding: 10px;">
                      Too Many Requests            </div>
          </div>
          <script type="text/javascript" style="display:none;">var __ez_dims = (function() {
      		var setCookie = function( name, content, expiry ) {
      			return document.cookie = name+'='+content+((expiry)?';expires='+(new Date(Math.floor(new Date().getTime()+expiry*1000)).toUTCString()):'')+';path=/';
      		};
      		var ffid = 1;
      		var oh = window.screen.height;
      		var ow = window.screen.width;
      		var h = ffid === 1 ? oh : (oh &gt; ow) ? oh : ow;
      		var w = ffid === 1 ? ow : (oh &gt; ow) ? ow : oh;
      		var uh = window.innerHeight || document.documentElement.clientHeight || document.getElementsByTagName('body')[0].clientHeight;
      		var uw = window.innerWidth || document.documentElement.clientWidth || document.getElementsByTagName('body')[0].clientWidth;
      		setCookie('ezds', encodeURIComponent('ffid='+ffid+',w='+w+',h='+h), (31536e3*7));
      		setCookie('ezohw', encodeURIComponent('w='+uw+',h='+uh), (31536e3*7));
      	})();</script>
          <script type="text/javascript" style="display:none;" async="async">
      __ez.queue.addFile('edmonton.php', '/detroitchicago/edmonton.webp?a=a&amp;cb=191-6&amp;shcb=34', true, ['/detroitchicago/minneapolis.js'], true, false, false, false);
      __ez.queue.addFile('jellyfish.php', '/porpoiseant/jellyfish.webp?a=a&amp;cb=191-6&amp;shcb=34', false, [], true, false, false, false);
      </script>
          <script type="text/javascript" data-cfasync="false"/>
        </body>
      </html>
      	at org.junit.Assert.fail(Assert.java:93)
      	at utility.HTTP_Methods.responseCode(HTTP_Methods.java:84)
      	at stepDefinitionFiles.httpActivity.verify_the_Response_code_is(httpActivity.java:23)
      	at ?.Then verify the Response code is "200"(TC01 GET All Employees.feature:12)

    And the verify the Response schema from                               # httpActivity.the_verify_the_Response_schema_from(String)
      """
      {
         "userId": 1,
         "id": 1,
         "title": "sunt aut facere repellat provident occaecati excepturi optio reprehenderit",
         "body": "quia et suscipit\nsuscipit recusandae consequuntur expedita et cum\nreprehenderit molestiae ut ut quas totam\nnostrum rerum est autem sunt rem eveniet architecto"
      }
      """
]]></system-out>
  </testcase>
</testsuite>